{"C:\\Users\\user\\PetalSpeak\\back\\server.js": {"path":"C:\\Users\\user\\PetalSpeak\\back\\server.js","statementMap":{"0":{"start":{"line":1,"column":16},"end":{"line":1,"column":34}},"1":{"start":{"line":2,"column":13},"end":{"line":2,"column":28}},"2":{"start":{"line":3,"column":13},"end":{"line":3,"column":28}},"3":{"start":{"line":5,"column":19},"end":{"line":5,"column":43}},"4":{"start":{"line":6,"column":19},"end":{"line":6,"column":44}},"5":{"start":{"line":7,"column":20},"end":{"line":7,"column":46}},"6":{"start":{"line":8,"column":20},"end":{"line":8,"column":45}},"7":{"start":{"line":9,"column":22},"end":{"line":9,"column":50}},"8":{"start":{"line":13,"column":12},"end":{"line":13,"column":21}},"9":{"start":{"line":14,"column":13},"end":{"line":14,"column":17}},"10":{"start":{"line":15,"column":18},"end":{"line":15,"column":53}},"11":{"start":{"line":19,"column":0},"end":{"line":19,"column":16}},"12":{"start":{"line":20,"column":0},"end":{"line":20,"column":24}},"13":{"start":{"line":24,"column":0},"end":{"line":24,"column":35}},"14":{"start":{"line":25,"column":0},"end":{"line":25,"column":67}},"15":{"start":{"line":26,"column":0},"end":{"line":26,"column":69}},"16":{"start":{"line":27,"column":0},"end":{"line":27,"column":69}},"17":{"start":{"line":31,"column":0},"end":{"line":31,"column":33}},"18":{"start":{"line":32,"column":0},"end":{"line":32,"column":34}},"19":{"start":{"line":33,"column":0},"end":{"line":33,"column":36}},"20":{"start":{"line":34,"column":0},"end":{"line":34,"column":35}},"21":{"start":{"line":35,"column":0},"end":{"line":35,"column":40}},"22":{"start":{"line":36,"column":0},"end":{"line":36,"column":41}},"23":{"start":{"line":40,"column":0},"end":{"line":42,"column":3}},"24":{"start":{"line":41,"column":4},"end":{"line":41,"column":53}},"25":{"start":{"line":46,"column":0},"end":{"line":50,"column":1}},"26":{"start":{"line":47,"column":4},"end":{"line":49,"column":7}},"27":{"start":{"line":48,"column":8},"end":{"line":48,"column":63}},"28":{"start":{"line":52,"column":0},"end":{"line":52,"column":21}}},"fnMap":{"0":{"name":"(anonymous_0)","decl":{"start":{"line":40,"column":13},"end":{"line":40,"column":14}},"loc":{"start":{"line":40,"column":27},"end":{"line":42,"column":1}},"line":40},"1":{"name":"(anonymous_1)","decl":{"start":{"line":47,"column":21},"end":{"line":47,"column":22}},"loc":{"start":{"line":47,"column":27},"end":{"line":49,"column":5}},"line":47}},"branchMap":{"0":{"loc":{"start":{"line":46,"column":0},"end":{"line":50,"column":1}},"type":"if","locations":[{"start":{"line":46,"column":0},"end":{"line":50,"column":1}},{"start":{},"end":{}}],"line":46}},"s":{"0":1,"1":1,"2":1,"3":1,"4":1,"5":1,"6":1,"7":1,"8":1,"9":1,"10":1,"11":1,"12":1,"13":1,"14":1,"15":1,"16":1,"17":1,"18":1,"19":1,"20":1,"21":1,"22":1,"23":1,"24":0,"25":1,"26":0,"27":0,"28":1},"f":{"0":0,"1":0},"b":{"0":[0,1]},"_coverageSchema":"1a1c01bbd47fc00a2c39e90264f33305004495a9","hash":"21214cb536e9232b80b545485bb333699efd70b5"}
,"C:\\Users\\user\\PetalSpeak\\back\\config\\mysql.js": {"path":"C:\\Users\\user\\PetalSpeak\\back\\config\\mysql.js","statementMap":{"0":{"start":{"line":3,"column":14},"end":{"line":3,"column":39}},"1":{"start":{"line":6,"column":13},"end":{"line":14,"column":2}},"2":{"start":{"line":16,"column":0},"end":{"line":16,"column":22}}},"fnMap":{},"branchMap":{},"s":{"0":1,"1":1,"2":1},"f":{},"b":{},"_coverageSchema":"1a1c01bbd47fc00a2c39e90264f33305004495a9","hash":"e6ee4de7040bbae685eaf99ec34f28a4b125437c"}
,"C:\\Users\\user\\PetalSpeak\\back\\middleware\\auth.js": {"path":"C:\\Users\\user\\PetalSpeak\\back\\middleware\\auth.js","statementMap":{"0":{"start":{"line":3,"column":12},"end":{"line":3,"column":35}},"1":{"start":{"line":4,"column":19},"end":{"line":4,"column":30}},"2":{"start":{"line":7,"column":0},"end":{"line":29,"column":2}},"3":{"start":{"line":10,"column":23},"end":{"line":10,"column":48}},"4":{"start":{"line":11,"column":4},"end":{"line":15,"column":5}},"5":{"start":{"line":12,"column":8},"end":{"line":14,"column":11}},"6":{"start":{"line":18,"column":18},"end":{"line":18,"column":42}},"7":{"start":{"line":19,"column":4},"end":{"line":28,"column":5}},"8":{"start":{"line":20,"column":24},"end":{"line":20,"column":53}},"9":{"start":{"line":21,"column":8},"end":{"line":21,"column":27}},"10":{"start":{"line":22,"column":8},"end":{"line":22,"column":15}},"11":{"start":{"line":25,"column":8},"end":{"line":27,"column":11}}},"fnMap":{"0":{"name":"(anonymous_0)","decl":{"start":{"line":7,"column":17},"end":{"line":7,"column":18}},"loc":{"start":{"line":7,"column":37},"end":{"line":29,"column":1}},"line":7}},"branchMap":{"0":{"loc":{"start":{"line":11,"column":4},"end":{"line":15,"column":5}},"type":"if","locations":[{"start":{"line":11,"column":4},"end":{"line":15,"column":5}},{"start":{},"end":{}}],"line":11}},"s":{"0":1,"1":1,"2":1,"3":0,"4":0,"5":0,"6":0,"7":0,"8":0,"9":0,"10":0,"11":0},"f":{"0":0},"b":{"0":[0,0]},"_coverageSchema":"1a1c01bbd47fc00a2c39e90264f33305004495a9","hash":"101ea2014423d100dfc43b0ea2511fd9a6f0ad09"}
,"C:\\Users\\user\\PetalSpeak\\back\\middleware\\requireRole.js": {"path":"C:\\Users\\user\\PetalSpeak\\back\\middleware\\requireRole.js","statementMap":{"0":{"start":{"line":6,"column":4},"end":{"line":20,"column":6}},"1":{"start":{"line":7,"column":8},"end":{"line":11,"column":9}},"2":{"start":{"line":8,"column":12},"end":{"line":10,"column":15}},"3":{"start":{"line":14,"column":8},"end":{"line":18,"column":9}},"4":{"start":{"line":15,"column":12},"end":{"line":17,"column":15}},"5":{"start":{"line":19,"column":8},"end":{"line":19,"column":15}},"6":{"start":{"line":23,"column":0},"end":{"line":23,"column":29}}},"fnMap":{"0":{"name":"requireRole","decl":{"start":{"line":3,"column":9},"end":{"line":3,"column":20}},"loc":{"start":{"line":3,"column":31},"end":{"line":21,"column":1}},"line":3},"1":{"name":"(anonymous_1)","decl":{"start":{"line":6,"column":11},"end":{"line":6,"column":12}},"loc":{"start":{"line":6,"column":31},"end":{"line":20,"column":5}},"line":6}},"branchMap":{"0":{"loc":{"start":{"line":7,"column":8},"end":{"line":11,"column":9}},"type":"if","locations":[{"start":{"line":7,"column":8},"end":{"line":11,"column":9}},{"start":{},"end":{}}],"line":7},"1":{"loc":{"start":{"line":14,"column":8},"end":{"line":18,"column":9}},"type":"if","locations":[{"start":{"line":14,"column":8},"end":{"line":18,"column":9}},{"start":{},"end":{}}],"line":14}},"s":{"0":11,"1":0,"2":0,"3":0,"4":0,"5":0,"6":1},"f":{"0":11,"1":0},"b":{"0":[0,0],"1":[0,0]},"_coverageSchema":"1a1c01bbd47fc00a2c39e90264f33305004495a9","hash":"5452e88db1e13d123445ebe10c5cb5e40184d2e3"}
,"C:\\Users\\user\\PetalSpeak\\back\\routes\\admin.js": {"path":"C:\\Users\\user\\PetalSpeak\\back\\routes\\admin.js","statementMap":{"0":{"start":{"line":1,"column":16},"end":{"line":1,"column":36}},"1":{"start":{"line":2,"column":15},"end":{"line":2,"column":31}},"2":{"start":{"line":3,"column":13},"end":{"line":3,"column":41}},"3":{"start":{"line":4,"column":13},"end":{"line":4,"column":42}},"4":{"start":{"line":5,"column":20},"end":{"line":5,"column":56}},"5":{"start":{"line":10,"column":0},"end":{"line":26,"column":3}},"6":{"start":{"line":14,"column":4},"end":{"line":24,"column":5}},"7":{"start":{"line":15,"column":24},"end":{"line":19,"column":10}},"8":{"start":{"line":20,"column":8},"end":{"line":20,"column":24}},"9":{"start":{"line":22,"column":8},"end":{"line":22,"column":49}},"10":{"start":{"line":23,"column":8},"end":{"line":23,"column":69}},"11":{"start":{"line":31,"column":0},"end":{"line":53,"column":3}},"12":{"start":{"line":35,"column":4},"end":{"line":51,"column":5}},"13":{"start":{"line":36,"column":23},"end":{"line":36,"column":44}},"14":{"start":{"line":37,"column":8},"end":{"line":39,"column":9}},"15":{"start":{"line":38,"column":12},"end":{"line":38,"column":92}},"16":{"start":{"line":43,"column":8},"end":{"line":46,"column":10}},"17":{"start":{"line":47,"column":8},"end":{"line":47,"column":77}},"18":{"start":{"line":49,"column":8},"end":{"line":49,"column":50}},"19":{"start":{"line":50,"column":8},"end":{"line":50,"column":81}},"20":{"start":{"line":59,"column":0},"end":{"line":80,"column":3}},"21":{"start":{"line":63,"column":4},"end":{"line":78,"column":5}},"22":{"start":{"line":64,"column":23},"end":{"line":64,"column":44}},"23":{"start":{"line":65,"column":8},"end":{"line":67,"column":9}},"24":{"start":{"line":66,"column":12},"end":{"line":66,"column":109}},"25":{"start":{"line":70,"column":8},"end":{"line":73,"column":10}},"26":{"start":{"line":74,"column":8},"end":{"line":74,"column":77}},"27":{"start":{"line":76,"column":8},"end":{"line":76,"column":52}},"28":{"start":{"line":77,"column":8},"end":{"line":77,"column":86}},"29":{"start":{"line":86,"column":0},"end":{"line":109,"column":3}},"30":{"start":{"line":91,"column":4},"end":{"line":107,"column":5}},"31":{"start":{"line":92,"column":23},"end":{"line":92,"column":44}},"32":{"start":{"line":93,"column":8},"end":{"line":95,"column":9}},"33":{"start":{"line":94,"column":12},"end":{"line":94,"column":83}},"34":{"start":{"line":99,"column":8},"end":{"line":102,"column":10}},"35":{"start":{"line":103,"column":8},"end":{"line":103,"column":56}},"36":{"start":{"line":105,"column":8},"end":{"line":105,"column":50}},"37":{"start":{"line":106,"column":8},"end":{"line":106,"column":66}},"38":{"start":{"line":115,"column":0},"end":{"line":134,"column":3}},"39":{"start":{"line":120,"column":4},"end":{"line":132,"column":5}},"40":{"start":{"line":121,"column":23},"end":{"line":121,"column":44}},"41":{"start":{"line":123,"column":8},"end":{"line":126,"column":10}},"42":{"start":{"line":128,"column":8},"end":{"line":128,"column":58}},"43":{"start":{"line":130,"column":8},"end":{"line":130,"column":52}},"44":{"start":{"line":131,"column":8},"end":{"line":131,"column":68}},"45":{"start":{"line":140,"column":0},"end":{"line":162,"column":3}},"46":{"start":{"line":144,"column":4},"end":{"line":161,"column":5}},"47":{"start":{"line":145,"column":23},"end":{"line":145,"column":44}},"48":{"start":{"line":146,"column":8},"end":{"line":148,"column":9}},"49":{"start":{"line":147,"column":12},"end":{"line":147,"column":84}},"50":{"start":{"line":153,"column":8},"end":{"line":156,"column":10}},"51":{"start":{"line":157,"column":8},"end":{"line":157,"column":56}},"52":{"start":{"line":159,"column":8},"end":{"line":159,"column":51}},"53":{"start":{"line":160,"column":8},"end":{"line":160,"column":66}},"54":{"start":{"line":168,"column":0},"end":{"line":213,"column":3}},"55":{"start":{"line":173,"column":4},"end":{"line":211,"column":5}},"56":{"start":{"line":174,"column":29},"end":{"line":174,"column":38}},"57":{"start":{"line":175,"column":20},"end":{"line":175,"column":22}},"58":{"start":{"line":177,"column":23},"end":{"line":177,"column":25}},"59":{"start":{"line":182,"column":8},"end":{"line":185,"column":9}},"60":{"start":{"line":183,"column":12},"end":{"line":183,"column":93}},"61":{"start":{"line":184,"column":12},"end":{"line":184,"column":34}},"62":{"start":{"line":189,"column":25},"end":{"line":195,"column":18}},"63":{"start":{"line":199,"column":8},"end":{"line":206,"column":9}},"64":{"start":{"line":200,"column":28},"end":{"line":203,"column":13}},"65":{"start":{"line":205,"column":12},"end":{"line":205,"column":32}},"66":{"start":{"line":207,"column":8},"end":{"line":207,"column":25}},"67":{"start":{"line":209,"column":8},"end":{"line":209,"column":56}},"68":{"start":{"line":210,"column":8},"end":{"line":210,"column":70}},"69":{"start":{"line":219,"column":0},"end":{"line":271,"column":3}},"70":{"start":{"line":221,"column":4},"end":{"line":269,"column":5}},"71":{"start":{"line":222,"column":29},"end":{"line":222,"column":38}},"72":{"start":{"line":223,"column":20},"end":{"line":223,"column":22}},"73":{"start":{"line":224,"column":23},"end":{"line":224,"column":25}},"74":{"start":{"line":226,"column":8},"end":{"line":229,"column":9}},"75":{"start":{"line":227,"column":12},"end":{"line":227,"column":89}},"76":{"start":{"line":228,"column":12},"end":{"line":228,"column":34}},"77":{"start":{"line":231,"column":35},"end":{"line":234,"column":9}},"78":{"start":{"line":236,"column":36},"end":{"line":239,"column":9}},"79":{"start":{"line":241,"column":36},"end":{"line":246,"column":10}},"80":{"start":{"line":248,"column":27},"end":{"line":259,"column":18}},"81":{"start":{"line":260,"column":8},"end":{"line":265,"column":11}},"82":{"start":{"line":267,"column":8},"end":{"line":267,"column":49}},"83":{"start":{"line":268,"column":8},"end":{"line":268,"column":74}},"84":{"start":{"line":273,"column":0},"end":{"line":273,"column":24}}},"fnMap":{"0":{"name":"(anonymous_0)","decl":{"start":{"line":10,"column":54},"end":{"line":10,"column":55}},"loc":{"start":{"line":10,"column":74},"end":{"line":26,"column":1}},"line":10},"1":{"name":"(anonymous_1)","decl":{"start":{"line":31,"column":69},"end":{"line":31,"column":70}},"loc":{"start":{"line":31,"column":89},"end":{"line":53,"column":1}},"line":31},"2":{"name":"(anonymous_2)","decl":{"start":{"line":59,"column":71},"end":{"line":59,"column":72}},"loc":{"start":{"line":59,"column":91},"end":{"line":80,"column":1}},"line":59},"3":{"name":"(anonymous_3)","decl":{"start":{"line":86,"column":64},"end":{"line":86,"column":65}},"loc":{"start":{"line":86,"column":84},"end":{"line":109,"column":1}},"line":86},"4":{"name":"(anonymous_4)","decl":{"start":{"line":115,"column":66},"end":{"line":115,"column":67}},"loc":{"start":{"line":115,"column":86},"end":{"line":134,"column":1}},"line":115},"5":{"name":"(anonymous_5)","decl":{"start":{"line":140,"column":65},"end":{"line":140,"column":66}},"loc":{"start":{"line":140,"column":85},"end":{"line":162,"column":1}},"line":140},"6":{"name":"(anonymous_6)","decl":{"start":{"line":168,"column":55},"end":{"line":168,"column":56}},"loc":{"start":{"line":168,"column":75},"end":{"line":213,"column":1}},"line":168},"7":{"name":"(anonymous_7)","decl":{"start":{"line":219,"column":54},"end":{"line":219,"column":55}},"loc":{"start":{"line":219,"column":74},"end":{"line":271,"column":1}},"line":219}},"branchMap":{"0":{"loc":{"start":{"line":37,"column":8},"end":{"line":39,"column":9}},"type":"if","locations":[{"start":{"line":37,"column":8},"end":{"line":39,"column":9}},{"start":{},"end":{}}],"line":37},"1":{"loc":{"start":{"line":65,"column":8},"end":{"line":67,"column":9}},"type":"if","locations":[{"start":{"line":65,"column":8},"end":{"line":67,"column":9}},{"start":{},"end":{}}],"line":65},"2":{"loc":{"start":{"line":93,"column":8},"end":{"line":95,"column":9}},"type":"if","locations":[{"start":{"line":93,"column":8},"end":{"line":95,"column":9}},{"start":{},"end":{}}],"line":93},"3":{"loc":{"start":{"line":146,"column":8},"end":{"line":148,"column":9}},"type":"if","locations":[{"start":{"line":146,"column":8},"end":{"line":148,"column":9}},{"start":{},"end":{}}],"line":146},"4":{"loc":{"start":{"line":182,"column":8},"end":{"line":185,"column":9}},"type":"if","locations":[{"start":{"line":182,"column":8},"end":{"line":185,"column":9}},{"start":{},"end":{}}],"line":182},"5":{"loc":{"start":{"line":182,"column":12},"end":{"line":182,"column":22}},"type":"binary-expr","locations":[{"start":{"line":182,"column":12},"end":{"line":182,"column":16}},{"start":{"line":182,"column":20},"end":{"line":182,"column":22}}],"line":182},"6":{"loc":{"start":{"line":226,"column":8},"end":{"line":229,"column":9}},"type":"if","locations":[{"start":{"line":226,"column":8},"end":{"line":229,"column":9}},{"start":{},"end":{}}],"line":226},"7":{"loc":{"start":{"line":226,"column":12},"end":{"line":226,"column":22}},"type":"binary-expr","locations":[{"start":{"line":226,"column":12},"end":{"line":226,"column":16}},{"start":{"line":226,"column":20},"end":{"line":226,"column":22}}],"line":226},"8":{"loc":{"start":{"line":255,"column":14},"end":{"line":255,"column":71}},"type":"cond-expr","locations":[{"start":{"line":255,"column":22},"end":{"line":255,"column":66}},{"start":{"line":255,"column":69},"end":{"line":255,"column":71}}],"line":255}},"s":{"0":1,"1":1,"2":1,"3":1,"4":1,"5":1,"6":0,"7":0,"8":0,"9":0,"10":0,"11":1,"12":0,"13":0,"14":0,"15":0,"16":0,"17":0,"18":0,"19":0,"20":1,"21":0,"22":0,"23":0,"24":0,"25":0,"26":0,"27":0,"28":0,"29":1,"30":0,"31":0,"32":0,"33":0,"34":0,"35":0,"36":0,"37":0,"38":1,"39":0,"40":0,"41":0,"42":0,"43":0,"44":0,"45":1,"46":0,"47":0,"48":0,"49":0,"50":0,"51":0,"52":0,"53":0,"54":1,"55":0,"56":0,"57":0,"58":0,"59":0,"60":0,"61":0,"62":0,"63":0,"64":0,"65":0,"66":0,"67":0,"68":0,"69":1,"70":0,"71":0,"72":0,"73":0,"74":0,"75":0,"76":0,"77":0,"78":0,"79":0,"80":0,"81":0,"82":0,"83":0,"84":1},"f":{"0":0,"1":0,"2":0,"3":0,"4":0,"5":0,"6":0,"7":0},"b":{"0":[0,0],"1":[0,0],"2":[0,0],"3":[0,0],"4":[0,0],"5":[0,0],"6":[0,0],"7":[0,0],"8":[0,0]},"_coverageSchema":"1a1c01bbd47fc00a2c39e90264f33305004495a9","hash":"29ae75825bdf7aabecbcbfe4c8b020395e3d84a0"}
,"C:\\Users\\user\\PetalSpeak\\back\\routes\\auth.js": {"path":"C:\\Users\\user\\PetalSpeak\\back\\routes\\auth.js","statementMap":{"0":{"start":{"line":1,"column":16},"end":{"line":1,"column":34}},"1":{"start":{"line":2,"column":15},"end":{"line":2,"column":32}},"2":{"start":{"line":3,"column":12},"end":{"line":3,"column":35}},"3":{"start":{"line":4,"column":15},"end":{"line":4,"column":32}},"4":{"start":{"line":5,"column":13},"end":{"line":5,"column":28}},"5":{"start":{"line":6,"column":11},"end":{"line":6,"column":24}},"6":{"start":{"line":7,"column":13},"end":{"line":7,"column":39}},"7":{"start":{"line":8,"column":13},"end":{"line":8,"column":42}},"8":{"start":{"line":9,"column":15},"end":{"line":9,"column":31}},"9":{"start":{"line":10,"column":19},"end":{"line":10,"column":30}},"10":{"start":{"line":17,"column":4},"end":{"line":23,"column":6}},"11":{"start":{"line":30,"column":18},"end":{"line":30,"column":66}},"12":{"start":{"line":34,"column":0},"end":{"line":40,"column":1}},"13":{"start":{"line":39,"column":4},"end":{"line":39,"column":49}},"14":{"start":{"line":44,"column":16},"end":{"line":66,"column":2}},"15":{"start":{"line":49,"column":8},"end":{"line":49,"column":28}},"16":{"start":{"line":55,"column":20},"end":{"line":55,"column":51}},"17":{"start":{"line":63,"column":8},"end":{"line":63,"column":60}},"18":{"start":{"line":70,"column":15},"end":{"line":90,"column":2}},"19":{"start":{"line":83,"column":8},"end":{"line":87,"column":9}},"20":{"start":{"line":84,"column":12},"end":{"line":84,"column":27}},"21":{"start":{"line":86,"column":12},"end":{"line":86,"column":47}},"22":{"start":{"line":94,"column":0},"end":{"line":151,"column":3}},"23":{"start":{"line":96,"column":4},"end":{"line":149,"column":5}},"24":{"start":{"line":97,"column":42},"end":{"line":97,"column":50}},"25":{"start":{"line":101,"column":8},"end":{"line":105,"column":9}},"26":{"start":{"line":102,"column":12},"end":{"line":104,"column":15}},"27":{"start":{"line":110,"column":8},"end":{"line":114,"column":9}},"28":{"start":{"line":111,"column":12},"end":{"line":113,"column":15}},"29":{"start":{"line":118,"column":27},"end":{"line":121,"column":9}},"30":{"start":{"line":125,"column":8},"end":{"line":129,"column":9}},"31":{"start":{"line":126,"column":12},"end":{"line":128,"column":15}},"32":{"start":{"line":133,"column":31},"end":{"line":133,"column":62}},"33":{"start":{"line":137,"column":8},"end":{"line":140,"column":10}},"34":{"start":{"line":141,"column":8},"end":{"line":143,"column":11}},"35":{"start":{"line":145,"column":8},"end":{"line":145,"column":48}},"36":{"start":{"line":146,"column":8},"end":{"line":148,"column":11}},"37":{"start":{"line":155,"column":0},"end":{"line":284,"column":3}},"38":{"start":{"line":157,"column":4},"end":{"line":282,"column":5}},"39":{"start":{"line":158,"column":36},"end":{"line":158,"column":44}},"40":{"start":{"line":162,"column":23},"end":{"line":165,"column":9}},"41":{"start":{"line":169,"column":8},"end":{"line":173,"column":9}},"42":{"start":{"line":170,"column":12},"end":{"line":172,"column":15}},"43":{"start":{"line":177,"column":21},"end":{"line":177,"column":28}},"44":{"start":{"line":181,"column":8},"end":{"line":185,"column":9}},"45":{"start":{"line":182,"column":12},"end":{"line":184,"column":15}},"46":{"start":{"line":189,"column":8},"end":{"line":193,"column":9}},"47":{"start":{"line":190,"column":12},"end":{"line":192,"column":15}},"48":{"start":{"line":197,"column":8},"end":{"line":201,"column":9}},"49":{"start":{"line":198,"column":12},"end":{"line":200,"column":15}},"50":{"start":{"line":205,"column":24},"end":{"line":205,"column":69}},"51":{"start":{"line":209,"column":8},"end":{"line":241,"column":9}},"52":{"start":{"line":213,"column":29},"end":{"line":213,"column":60}},"53":{"start":{"line":217,"column":12},"end":{"line":226,"column":13}},"54":{"start":{"line":218,"column":16},"end":{"line":221,"column":18}},"55":{"start":{"line":223,"column":16},"end":{"line":225,"column":19}},"56":{"start":{"line":230,"column":12},"end":{"line":233,"column":14}},"57":{"start":{"line":237,"column":12},"end":{"line":240,"column":15}},"58":{"start":{"line":245,"column":8},"end":{"line":248,"column":10}},"59":{"start":{"line":253,"column":22},"end":{"line":261,"column":9}},"60":{"start":{"line":265,"column":8},"end":{"line":275,"column":11}},"61":{"start":{"line":278,"column":8},"end":{"line":278,"column":45}},"62":{"start":{"line":279,"column":8},"end":{"line":281,"column":11}},"63":{"start":{"line":289,"column":0},"end":{"line":316,"column":3}},"64":{"start":{"line":291,"column":4},"end":{"line":314,"column":5}},"65":{"start":{"line":295,"column":23},"end":{"line":298,"column":9}},"66":{"start":{"line":302,"column":8},"end":{"line":306,"column":9}},"67":{"start":{"line":303,"column":12},"end":{"line":305,"column":15}},"68":{"start":{"line":308,"column":8},"end":{"line":308,"column":26}},"69":{"start":{"line":310,"column":8},"end":{"line":310,"column":46}},"70":{"start":{"line":311,"column":8},"end":{"line":313,"column":11}},"71":{"start":{"line":321,"column":0},"end":{"line":373,"column":3}},"72":{"start":{"line":323,"column":4},"end":{"line":372,"column":5}},"73":{"start":{"line":324,"column":32},"end":{"line":324,"column":40}},"74":{"start":{"line":328,"column":8},"end":{"line":332,"column":9}},"75":{"start":{"line":329,"column":12},"end":{"line":331,"column":15}},"76":{"start":{"line":336,"column":29},"end":{"line":339,"column":9}},"77":{"start":{"line":343,"column":8},"end":{"line":347,"column":9}},"78":{"start":{"line":344,"column":12},"end":{"line":346,"column":15}},"79":{"start":{"line":351,"column":8},"end":{"line":354,"column":10}},"80":{"start":{"line":358,"column":23},"end":{"line":361,"column":9}},"81":{"start":{"line":363,"column":8},"end":{"line":366,"column":11}},"82":{"start":{"line":368,"column":8},"end":{"line":368,"column":54}},"83":{"start":{"line":369,"column":8},"end":{"line":371,"column":11}},"84":{"start":{"line":378,"column":0},"end":{"line":455,"column":3}},"85":{"start":{"line":380,"column":4},"end":{"line":453,"column":5}},"86":{"start":{"line":384,"column":66},"end":{"line":384,"column":74}},"87":{"start":{"line":388,"column":8},"end":{"line":392,"column":9}},"88":{"start":{"line":389,"column":12},"end":{"line":391,"column":15}},"89":{"start":{"line":397,"column":8},"end":{"line":401,"column":9}},"90":{"start":{"line":398,"column":12},"end":{"line":400,"column":15}},"91":{"start":{"line":405,"column":8},"end":{"line":409,"column":9}},"92":{"start":{"line":406,"column":12},"end":{"line":408,"column":15}},"93":{"start":{"line":413,"column":23},"end":{"line":416,"column":9}},"94":{"start":{"line":418,"column":8},"end":{"line":422,"column":9}},"95":{"start":{"line":419,"column":12},"end":{"line":421,"column":15}},"96":{"start":{"line":426,"column":24},"end":{"line":426,"column":79}},"97":{"start":{"line":428,"column":8},"end":{"line":432,"column":9}},"98":{"start":{"line":429,"column":12},"end":{"line":431,"column":15}},"99":{"start":{"line":436,"column":31},"end":{"line":436,"column":65}},"100":{"start":{"line":440,"column":8},"end":{"line":443,"column":10}},"101":{"start":{"line":445,"column":8},"end":{"line":447,"column":11}},"102":{"start":{"line":449,"column":8},"end":{"line":449,"column":55}},"103":{"start":{"line":450,"column":8},"end":{"line":452,"column":11}},"104":{"start":{"line":460,"column":0},"end":{"line":509,"column":3}},"105":{"start":{"line":464,"column":4},"end":{"line":507,"column":7}},"106":{"start":{"line":468,"column":8},"end":{"line":505,"column":9}},"107":{"start":{"line":469,"column":12},"end":{"line":473,"column":13}},"108":{"start":{"line":470,"column":16},"end":{"line":472,"column":19}},"109":{"start":{"line":477,"column":12},"end":{"line":481,"column":13}},"110":{"start":{"line":478,"column":16},"end":{"line":480,"column":19}},"111":{"start":{"line":485,"column":31},"end":{"line":485,"column":70}},"112":{"start":{"line":489,"column":12},"end":{"line":492,"column":14}},"113":{"start":{"line":496,"column":12},"end":{"line":499,"column":15}},"114":{"start":{"line":501,"column":12},"end":{"line":501,"column":57}},"115":{"start":{"line":502,"column":12},"end":{"line":504,"column":15}},"116":{"start":{"line":511,"column":0},"end":{"line":511,"column":24}}},"fnMap":{"0":{"name":"isStrongPassword","decl":{"start":{"line":15,"column":9},"end":{"line":15,"column":25}},"loc":{"start":{"line":15,"column":36},"end":{"line":25,"column":1}},"line":15},"1":{"name":"(anonymous_1)","decl":{"start":{"line":48,"column":17},"end":{"line":48,"column":18}},"loc":{"start":{"line":48,"column":36},"end":{"line":50,"column":5}},"line":48},"2":{"name":"(anonymous_2)","decl":{"start":{"line":54,"column":14},"end":{"line":54,"column":15}},"loc":{"start":{"line":54,"column":33},"end":{"line":64,"column":5}},"line":54},"3":{"name":"(anonymous_3)","decl":{"start":{"line":79,"column":16},"end":{"line":79,"column":17}},"loc":{"start":{"line":79,"column":35},"end":{"line":88,"column":5}},"line":79},"4":{"name":"(anonymous_4)","decl":{"start":{"line":94,"column":25},"end":{"line":94,"column":26}},"loc":{"start":{"line":94,"column":45},"end":{"line":151,"column":1}},"line":94},"5":{"name":"(anonymous_5)","decl":{"start":{"line":155,"column":22},"end":{"line":155,"column":23}},"loc":{"start":{"line":155,"column":42},"end":{"line":284,"column":1}},"line":155},"6":{"name":"(anonymous_6)","decl":{"start":{"line":289,"column":24},"end":{"line":289,"column":25}},"loc":{"start":{"line":289,"column":44},"end":{"line":316,"column":1}},"line":289},"7":{"name":"(anonymous_7)","decl":{"start":{"line":321,"column":29},"end":{"line":321,"column":30}},"loc":{"start":{"line":321,"column":49},"end":{"line":373,"column":1}},"line":321},"8":{"name":"(anonymous_8)","decl":{"start":{"line":378,"column":30},"end":{"line":378,"column":31}},"loc":{"start":{"line":378,"column":50},"end":{"line":455,"column":1}},"line":378},"9":{"name":"(anonymous_9)","decl":{"start":{"line":460,"column":29},"end":{"line":460,"column":30}},"loc":{"start":{"line":460,"column":43},"end":{"line":509,"column":1}},"line":460},"10":{"name":"(anonymous_10)","decl":{"start":{"line":464,"column":38},"end":{"line":464,"column":39}},"loc":{"start":{"line":464,"column":53},"end":{"line":507,"column":5}},"line":464}},"branchMap":{"0":{"loc":{"start":{"line":18,"column":8},"end":{"line":22,"column":37}},"type":"binary-expr","locations":[{"start":{"line":18,"column":8},"end":{"line":18,"column":28}},{"start":{"line":19,"column":8},"end":{"line":19,"column":30}},{"start":{"line":20,"column":8},"end":{"line":20,"column":30}},{"start":{"line":21,"column":8},"end":{"line":21,"column":30}},{"start":{"line":22,"column":8},"end":{"line":22,"column":37}}],"line":18},"1":{"loc":{"start":{"line":34,"column":0},"end":{"line":40,"column":1}},"type":"if","locations":[{"start":{"line":34,"column":0},"end":{"line":40,"column":1}},{"start":{},"end":{}}],"line":34},"2":{"loc":{"start":{"line":83,"column":8},"end":{"line":87,"column":9}},"type":"if","locations":[{"start":{"line":83,"column":8},"end":{"line":87,"column":9}},{"start":{"line":85,"column":15},"end":{"line":87,"column":9}}],"line":83},"3":{"loc":{"start":{"line":101,"column":8},"end":{"line":105,"column":9}},"type":"if","locations":[{"start":{"line":101,"column":8},"end":{"line":105,"column":9}},{"start":{},"end":{}}],"line":101},"4":{"loc":{"start":{"line":101,"column":12},"end":{"line":101,"column":40}},"type":"binary-expr","locations":[{"start":{"line":101,"column":12},"end":{"line":101,"column":17}},{"start":{"line":101,"column":21},"end":{"line":101,"column":27}},{"start":{"line":101,"column":31},"end":{"line":101,"column":40}}],"line":101},"5":{"loc":{"start":{"line":110,"column":8},"end":{"line":114,"column":9}},"type":"if","locations":[{"start":{"line":110,"column":8},"end":{"line":114,"column":9}},{"start":{},"end":{}}],"line":110},"6":{"loc":{"start":{"line":125,"column":8},"end":{"line":129,"column":9}},"type":"if","locations":[{"start":{"line":125,"column":8},"end":{"line":129,"column":9}},{"start":{},"end":{}}],"line":125},"7":{"loc":{"start":{"line":169,"column":8},"end":{"line":173,"column":9}},"type":"if","locations":[{"start":{"line":169,"column":8},"end":{"line":173,"column":9}},{"start":{},"end":{}}],"line":169},"8":{"loc":{"start":{"line":181,"column":8},"end":{"line":185,"column":9}},"type":"if","locations":[{"start":{"line":181,"column":8},"end":{"line":185,"column":9}},{"start":{},"end":{}}],"line":181},"9":{"loc":{"start":{"line":189,"column":8},"end":{"line":193,"column":9}},"type":"if","locations":[{"start":{"line":189,"column":8},"end":{"line":193,"column":9}},{"start":{},"end":{}}],"line":189},"10":{"loc":{"start":{"line":197,"column":8},"end":{"line":201,"column":9}},"type":"if","locations":[{"start":{"line":197,"column":8},"end":{"line":201,"column":9}},{"start":{},"end":{}}],"line":197},"11":{"loc":{"start":{"line":197,"column":12},"end":{"line":197,"column":75}},"type":"binary-expr","locations":[{"start":{"line":197,"column":12},"end":{"line":197,"column":30}},{"start":{"line":197,"column":34},"end":{"line":197,"column":75}}],"line":197},"12":{"loc":{"start":{"line":209,"column":8},"end":{"line":241,"column":9}},"type":"if","locations":[{"start":{"line":209,"column":8},"end":{"line":241,"column":9}},{"start":{},"end":{}}],"line":209},"13":{"loc":{"start":{"line":213,"column":30},"end":{"line":213,"column":55}},"type":"binary-expr","locations":[{"start":{"line":213,"column":30},"end":{"line":213,"column":50}},{"start":{"line":213,"column":54},"end":{"line":213,"column":55}}],"line":213},"14":{"loc":{"start":{"line":217,"column":12},"end":{"line":226,"column":13}},"type":"if","locations":[{"start":{"line":217,"column":12},"end":{"line":226,"column":13}},{"start":{},"end":{}}],"line":217},"15":{"loc":{"start":{"line":257,"column":22},"end":{"line":257,"column":41}},"type":"binary-expr","locations":[{"start":{"line":257,"column":22},"end":{"line":257,"column":31}},{"start":{"line":257,"column":35},"end":{"line":257,"column":41}}],"line":257},"16":{"loc":{"start":{"line":273,"column":22},"end":{"line":273,"column":41}},"type":"binary-expr","locations":[{"start":{"line":273,"column":22},"end":{"line":273,"column":31}},{"start":{"line":273,"column":35},"end":{"line":273,"column":41}}],"line":273},"17":{"loc":{"start":{"line":302,"column":8},"end":{"line":306,"column":9}},"type":"if","locations":[{"start":{"line":302,"column":8},"end":{"line":306,"column":9}},{"start":{},"end":{}}],"line":302},"18":{"loc":{"start":{"line":328,"column":8},"end":{"line":332,"column":9}},"type":"if","locations":[{"start":{"line":328,"column":8},"end":{"line":332,"column":9}},{"start":{},"end":{}}],"line":328},"19":{"loc":{"start":{"line":328,"column":12},"end":{"line":328,"column":27}},"type":"binary-expr","locations":[{"start":{"line":328,"column":12},"end":{"line":328,"column":17}},{"start":{"line":328,"column":21},"end":{"line":328,"column":27}}],"line":328},"20":{"loc":{"start":{"line":343,"column":8},"end":{"line":347,"column":9}},"type":"if","locations":[{"start":{"line":343,"column":8},"end":{"line":347,"column":9}},{"start":{},"end":{}}],"line":343},"21":{"loc":{"start":{"line":388,"column":8},"end":{"line":392,"column":9}},"type":"if","locations":[{"start":{"line":388,"column":8},"end":{"line":392,"column":9}},{"start":{},"end":{}}],"line":388},"22":{"loc":{"start":{"line":388,"column":12},"end":{"line":388,"column":64}},"type":"binary-expr","locations":[{"start":{"line":388,"column":12},"end":{"line":388,"column":28}},{"start":{"line":388,"column":32},"end":{"line":388,"column":44}},{"start":{"line":388,"column":48},"end":{"line":388,"column":64}}],"line":388},"23":{"loc":{"start":{"line":397,"column":8},"end":{"line":401,"column":9}},"type":"if","locations":[{"start":{"line":397,"column":8},"end":{"line":401,"column":9}},{"start":{},"end":{}}],"line":397},"24":{"loc":{"start":{"line":405,"column":8},"end":{"line":409,"column":9}},"type":"if","locations":[{"start":{"line":405,"column":8},"end":{"line":409,"column":9}},{"start":{},"end":{}}],"line":405},"25":{"loc":{"start":{"line":418,"column":8},"end":{"line":422,"column":9}},"type":"if","locations":[{"start":{"line":418,"column":8},"end":{"line":422,"column":9}},{"start":{},"end":{}}],"line":418},"26":{"loc":{"start":{"line":428,"column":8},"end":{"line":432,"column":9}},"type":"if","locations":[{"start":{"line":428,"column":8},"end":{"line":432,"column":9}},{"start":{},"end":{}}],"line":428},"27":{"loc":{"start":{"line":469,"column":12},"end":{"line":473,"column":13}},"type":"if","locations":[{"start":{"line":469,"column":12},"end":{"line":473,"column":13}},{"start":{},"end":{}}],"line":469},"28":{"loc":{"start":{"line":471,"column":29},"end":{"line":471,"column":64}},"type":"binary-expr","locations":[{"start":{"line":471,"column":29},"end":{"line":471,"column":40}},{"start":{"line":471,"column":44},"end":{"line":471,"column":64}}],"line":471},"29":{"loc":{"start":{"line":477,"column":12},"end":{"line":481,"column":13}},"type":"if","locations":[{"start":{"line":477,"column":12},"end":{"line":481,"column":13}},{"start":{},"end":{}}],"line":477}},"s":{"0":1,"1":1,"2":1,"3":1,"4":1,"5":1,"6":1,"7":1,"8":1,"9":1,"10":0,"11":1,"12":1,"13":0,"14":1,"15":0,"16":0,"17":0,"18":1,"19":0,"20":0,"21":0,"22":1,"23":1,"24":1,"25":1,"26":1,"27":0,"28":0,"29":0,"30":0,"31":0,"32":0,"33":0,"34":0,"35":0,"36":0,"37":1,"38":1,"39":1,"40":1,"41":1,"42":1,"43":0,"44":0,"45":0,"46":0,"47":0,"48":0,"49":0,"50":0,"51":0,"52":0,"53":0,"54":0,"55":0,"56":0,"57":0,"58":0,"59":0,"60":0,"61":0,"62":0,"63":1,"64":0,"65":0,"66":0,"67":0,"68":0,"69":0,"70":0,"71":1,"72":0,"73":0,"74":0,"75":0,"76":0,"77":0,"78":0,"79":0,"80":0,"81":0,"82":0,"83":0,"84":1,"85":0,"86":0,"87":0,"88":0,"89":0,"90":0,"91":0,"92":0,"93":0,"94":0,"95":0,"96":0,"97":0,"98":0,"99":0,"100":0,"101":0,"102":0,"103":0,"104":1,"105":0,"106":0,"107":0,"108":0,"109":0,"110":0,"111":0,"112":0,"113":0,"114":0,"115":0,"116":1},"f":{"0":0,"1":0,"2":0,"3":0,"4":1,"5":1,"6":0,"7":0,"8":0,"9":0,"10":0},"b":{"0":[0,0,0,0,0],"1":[0,1],"2":[0,0],"3":[1,0],"4":[1,0,0],"5":[0,0],"6":[0,0],"7":[1,0],"8":[0,0],"9":[0,0],"10":[0,0],"11":[0,0],"12":[0,0],"13":[0,0],"14":[0,0],"15":[0,0],"16":[0,0],"17":[0,0],"18":[0,0],"19":[0,0],"20":[0,0],"21":[0,0],"22":[0,0,0],"23":[0,0],"24":[0,0],"25":[0,0],"26":[0,0],"27":[0,0],"28":[0,0],"29":[0,0]},"_coverageSchema":"1a1c01bbd47fc00a2c39e90264f33305004495a9","hash":"1615adf8b822f192a75dc710089f437cbd675c76"}
,"C:\\Users\\user\\PetalSpeak\\back\\routes\\orders.js": {"path":"C:\\Users\\user\\PetalSpeak\\back\\routes\\orders.js","statementMap":{"0":{"start":{"line":1,"column":16},"end":{"line":1,"column":34}},"1":{"start":{"line":2,"column":12},"end":{"line":2,"column":35}},"2":{"start":{"line":3,"column":13},"end":{"line":3,"column":39}},"3":{"start":{"line":4,"column":13},"end":{"line":4,"column":42}},"4":{"start":{"line":5,"column":20},"end":{"line":5,"column":46}},"5":{"start":{"line":6,"column":15},"end":{"line":6,"column":31}},"6":{"start":{"line":7,"column":19},"end":{"line":7,"column":30}},"7":{"start":{"line":12,"column":0},"end":{"line":240,"column":3}},"8":{"start":{"line":16,"column":23},"end":{"line":16,"column":49}},"9":{"start":{"line":20,"column":4},"end":{"line":239,"column":5}},"10":{"start":{"line":32,"column":12},"end":{"line":32,"column":20}},"11":{"start":{"line":36,"column":8},"end":{"line":38,"column":9}},"12":{"start":{"line":37,"column":12},"end":{"line":37,"column":92}},"13":{"start":{"line":42,"column":25},"end":{"line":42,"column":76}},"14":{"start":{"line":46,"column":8},"end":{"line":65,"column":9}},"15":{"start":{"line":50,"column":12},"end":{"line":52,"column":13}},"16":{"start":{"line":51,"column":16},"end":{"line":51,"column":79}},"17":{"start":{"line":56,"column":12},"end":{"line":63,"column":15}},"18":{"start":{"line":69,"column":21},"end":{"line":69,"column":25}},"19":{"start":{"line":73,"column":27},"end":{"line":73,"column":52}},"20":{"start":{"line":75,"column":8},"end":{"line":88,"column":9}},"21":{"start":{"line":77,"column":12},"end":{"line":87,"column":13}},"22":{"start":{"line":81,"column":30},"end":{"line":81,"column":54}},"23":{"start":{"line":83,"column":32},"end":{"line":83,"column":61}},"24":{"start":{"line":84,"column":16},"end":{"line":84,"column":36}},"25":{"start":{"line":86,"column":16},"end":{"line":86,"column":68}},"26":{"start":{"line":92,"column":27},"end":{"line":94,"column":13}},"27":{"start":{"line":93,"column":12},"end":{"line":93,"column":82}},"28":{"start":{"line":98,"column":26},"end":{"line":98,"column":39}},"29":{"start":{"line":102,"column":8},"end":{"line":102,"column":44}},"30":{"start":{"line":106,"column":30},"end":{"line":123,"column":9}},"31":{"start":{"line":127,"column":24},"end":{"line":127,"column":44}},"32":{"start":{"line":131,"column":8},"end":{"line":146,"column":9}},"33":{"start":{"line":132,"column":12},"end":{"line":145,"column":14}},"34":{"start":{"line":148,"column":8},"end":{"line":148,"column":34}},"35":{"start":{"line":152,"column":26},"end":{"line":158,"column":19}},"36":{"start":{"line":152,"column":49},"end":{"line":158,"column":9}},"37":{"start":{"line":163,"column":25},"end":{"line":163,"column":72}},"38":{"start":{"line":167,"column":25},"end":{"line":198,"column":9}},"39":{"start":{"line":202,"column":18},"end":{"line":202,"column":36}},"40":{"start":{"line":206,"column":8},"end":{"line":225,"column":11}},"41":{"start":{"line":229,"column":8},"end":{"line":232,"column":11}},"42":{"start":{"line":234,"column":8},"end":{"line":234,"column":36}},"43":{"start":{"line":235,"column":8},"end":{"line":235,"column":58}},"44":{"start":{"line":236,"column":8},"end":{"line":236,"column":74}},"45":{"start":{"line":238,"column":8},"end":{"line":238,"column":29}},"46":{"start":{"line":245,"column":0},"end":{"line":272,"column":3}},"47":{"start":{"line":250,"column":4},"end":{"line":271,"column":5}},"48":{"start":{"line":251,"column":25},"end":{"line":254,"column":9}},"49":{"start":{"line":258,"column":8},"end":{"line":265,"column":9}},"50":{"start":{"line":259,"column":28},"end":{"line":262,"column":13}},"51":{"start":{"line":264,"column":12},"end":{"line":264,"column":32}},"52":{"start":{"line":267,"column":8},"end":{"line":267,"column":25}},"53":{"start":{"line":269,"column":8},"end":{"line":269,"column":58}},"54":{"start":{"line":270,"column":8},"end":{"line":270,"column":70}},"55":{"start":{"line":274,"column":0},"end":{"line":274,"column":24}}},"fnMap":{"0":{"name":"(anonymous_0)","decl":{"start":{"line":12,"column":17},"end":{"line":12,"column":18}},"loc":{"start":{"line":12,"column":37},"end":{"line":240,"column":1}},"line":12},"1":{"name":"(anonymous_1)","decl":{"start":{"line":92,"column":45},"end":{"line":92,"column":46}},"loc":{"start":{"line":92,"column":60},"end":{"line":94,"column":9}},"line":92},"2":{"name":"(anonymous_2)","decl":{"start":{"line":152,"column":41},"end":{"line":152,"column":42}},"loc":{"start":{"line":152,"column":49},"end":{"line":158,"column":9}},"line":152},"3":{"name":"(anonymous_3)","decl":{"start":{"line":245,"column":24},"end":{"line":245,"column":25}},"loc":{"start":{"line":245,"column":44},"end":{"line":272,"column":1}},"line":245}},"branchMap":{"0":{"loc":{"start":{"line":36,"column":8},"end":{"line":38,"column":9}},"type":"if","locations":[{"start":{"line":36,"column":8},"end":{"line":38,"column":9}},{"start":{},"end":{}}],"line":36},"1":{"loc":{"start":{"line":36,"column":12},"end":{"line":36,"column":35}},"type":"binary-expr","locations":[{"start":{"line":36,"column":12},"end":{"line":36,"column":25}},{"start":{"line":36,"column":29},"end":{"line":36,"column":35}}],"line":36},"2":{"loc":{"start":{"line":42,"column":25},"end":{"line":42,"column":76}},"type":"cond-expr","locations":[{"start":{"line":42,"column":64},"end":{"line":42,"column":69}},{"start":{"line":42,"column":72},"end":{"line":42,"column":76}}],"line":42},"3":{"loc":{"start":{"line":42,"column":25},"end":{"line":42,"column":61}},"type":"binary-expr","locations":[{"start":{"line":42,"column":25},"end":{"line":42,"column":45}},{"start":{"line":42,"column":49},"end":{"line":42,"column":61}}],"line":42},"4":{"loc":{"start":{"line":46,"column":8},"end":{"line":65,"column":9}},"type":"if","locations":[{"start":{"line":46,"column":8},"end":{"line":65,"column":9}},{"start":{},"end":{}}],"line":46},"5":{"loc":{"start":{"line":50,"column":12},"end":{"line":52,"column":13}},"type":"if","locations":[{"start":{"line":50,"column":12},"end":{"line":52,"column":13}},{"start":{},"end":{}}],"line":50},"6":{"loc":{"start":{"line":58,"column":29},"end":{"line":58,"column":46}},"type":"binary-expr","locations":[{"start":{"line":58,"column":29},"end":{"line":58,"column":40}},{"start":{"line":58,"column":44},"end":{"line":58,"column":46}}],"line":58},"7":{"loc":{"start":{"line":60,"column":30},"end":{"line":60,"column":48}},"type":"binary-expr","locations":[{"start":{"line":60,"column":30},"end":{"line":60,"column":42}},{"start":{"line":60,"column":46},"end":{"line":60,"column":48}}],"line":60},"8":{"loc":{"start":{"line":61,"column":23},"end":{"line":61,"column":41}},"type":"binary-expr","locations":[{"start":{"line":61,"column":23},"end":{"line":61,"column":36}},{"start":{"line":61,"column":40},"end":{"line":61,"column":41}}],"line":61},"9":{"loc":{"start":{"line":75,"column":8},"end":{"line":88,"column":9}},"type":"if","locations":[{"start":{"line":75,"column":8},"end":{"line":88,"column":9}},{"start":{},"end":{}}],"line":75},"10":{"loc":{"start":{"line":75,"column":12},"end":{"line":75,"column":58}},"type":"binary-expr","locations":[{"start":{"line":75,"column":12},"end":{"line":75,"column":22}},{"start":{"line":75,"column":26},"end":{"line":75,"column":58}}],"line":75},"11":{"loc":{"start":{"line":93,"column":26},"end":{"line":93,"column":49}},"type":"binary-expr","locations":[{"start":{"line":93,"column":26},"end":{"line":93,"column":44}},{"start":{"line":93,"column":48},"end":{"line":93,"column":49}}],"line":93},"12":{"loc":{"start":{"line":93,"column":54},"end":{"line":93,"column":80}},"type":"binary-expr","locations":[{"start":{"line":93,"column":54},"end":{"line":93,"column":75}},{"start":{"line":93,"column":79},"end":{"line":93,"column":80}}],"line":93},"13":{"loc":{"start":{"line":113,"column":16},"end":{"line":113,"column":61}},"type":"binary-expr","locations":[{"start":{"line":113,"column":16},"end":{"line":113,"column":37}},{"start":{"line":113,"column":41},"end":{"line":113,"column":55}},{"start":{"line":113,"column":59},"end":{"line":113,"column":61}}],"line":113},"14":{"loc":{"start":{"line":114,"column":16},"end":{"line":116,"column":53}},"type":"cond-expr","locations":[{"start":{"line":115,"column":22},"end":{"line":115,"column":63}},{"start":{"line":116,"column":22},"end":{"line":116,"column":53}}],"line":114},"15":{"loc":{"start":{"line":115,"column":22},"end":{"line":115,"column":63}},"type":"binary-expr","locations":[{"start":{"line":115,"column":22},"end":{"line":115,"column":44}},{"start":{"line":115,"column":48},"end":{"line":115,"column":63}}],"line":115},"16":{"loc":{"start":{"line":117,"column":16},"end":{"line":117,"column":61}},"type":"binary-expr","locations":[{"start":{"line":117,"column":16},"end":{"line":117,"column":38}},{"start":{"line":117,"column":42},"end":{"line":117,"column":55}},{"start":{"line":117,"column":59},"end":{"line":117,"column":61}}],"line":117},"17":{"loc":{"start":{"line":119,"column":16},"end":{"line":119,"column":29}},"type":"binary-expr","locations":[{"start":{"line":119,"column":16},"end":{"line":119,"column":23}},{"start":{"line":119,"column":27},"end":{"line":119,"column":29}}],"line":119},"18":{"loc":{"start":{"line":120,"column":16},"end":{"line":120,"column":29}},"type":"binary-expr","locations":[{"start":{"line":120,"column":16},"end":{"line":120,"column":23}},{"start":{"line":120,"column":27},"end":{"line":120,"column":29}}],"line":120},"19":{"loc":{"start":{"line":138,"column":20},"end":{"line":138,"column":53}},"type":"binary-expr","locations":[{"start":{"line":138,"column":20},"end":{"line":138,"column":34}},{"start":{"line":138,"column":38},"end":{"line":138,"column":45}},{"start":{"line":138,"column":49},"end":{"line":138,"column":53}}],"line":138},"20":{"loc":{"start":{"line":139,"column":20},"end":{"line":139,"column":64}},"type":"binary-expr","locations":[{"start":{"line":139,"column":20},"end":{"line":139,"column":37}},{"start":{"line":139,"column":41},"end":{"line":139,"column":51}},{"start":{"line":139,"column":55},"end":{"line":139,"column":64}}],"line":139},"21":{"loc":{"start":{"line":140,"column":20},"end":{"line":140,"column":55}},"type":"binary-expr","locations":[{"start":{"line":140,"column":20},"end":{"line":140,"column":36}},{"start":{"line":140,"column":40},"end":{"line":140,"column":49}},{"start":{"line":140,"column":53},"end":{"line":140,"column":55}}],"line":140},"22":{"loc":{"start":{"line":141,"column":20},"end":{"line":141,"column":55}},"type":"binary-expr","locations":[{"start":{"line":141,"column":20},"end":{"line":141,"column":37}},{"start":{"line":141,"column":41},"end":{"line":141,"column":49}},{"start":{"line":141,"column":53},"end":{"line":141,"column":55}}],"line":141},"23":{"loc":{"start":{"line":142,"column":20},"end":{"line":142,"column":43}},"type":"binary-expr","locations":[{"start":{"line":142,"column":20},"end":{"line":142,"column":38}},{"start":{"line":142,"column":42},"end":{"line":142,"column":43}}],"line":142},"24":{"loc":{"start":{"line":143,"column":20},"end":{"line":143,"column":46}},"type":"binary-expr","locations":[{"start":{"line":143,"column":20},"end":{"line":143,"column":41}},{"start":{"line":143,"column":45},"end":{"line":143,"column":46}}],"line":143},"25":{"loc":{"start":{"line":154,"column":18},"end":{"line":154,"column":49}},"type":"binary-expr","locations":[{"start":{"line":154,"column":18},"end":{"line":154,"column":35}},{"start":{"line":154,"column":39},"end":{"line":154,"column":49}}],"line":154},"26":{"loc":{"start":{"line":155,"column":26},"end":{"line":155,"column":41}},"type":"binary-expr","locations":[{"start":{"line":155,"column":26},"end":{"line":155,"column":36}},{"start":{"line":155,"column":40},"end":{"line":155,"column":41}}],"line":155},"27":{"loc":{"start":{"line":156,"column":20},"end":{"line":156,"column":38}},"type":"binary-expr","locations":[{"start":{"line":156,"column":20},"end":{"line":156,"column":33}},{"start":{"line":156,"column":37},"end":{"line":156,"column":38}}],"line":156},"28":{"loc":{"start":{"line":163,"column":25},"end":{"line":163,"column":72}},"type":"cond-expr","locations":[{"start":{"line":163,"column":61},"end":{"line":163,"column":65}},{"start":{"line":163,"column":68},"end":{"line":163,"column":72}}],"line":163},"29":{"loc":{"start":{"line":216,"column":56},"end":{"line":216,"column":70}},"type":"binary-expr","locations":[{"start":{"line":216,"column":56},"end":{"line":216,"column":63}},{"start":{"line":216,"column":67},"end":{"line":216,"column":70}}],"line":216},"30":{"loc":{"start":{"line":217,"column":56},"end":{"line":217,"column":70}},"type":"binary-expr","locations":[{"start":{"line":217,"column":56},"end":{"line":217,"column":63}},{"start":{"line":217,"column":67},"end":{"line":217,"column":70}}],"line":217}},"s":{"0":1,"1":1,"2":1,"3":1,"4":1,"5":1,"6":1,"7":1,"8":0,"9":0,"10":0,"11":0,"12":0,"13":0,"14":0,"15":0,"16":0,"17":0,"18":0,"19":0,"20":0,"21":0,"22":0,"23":0,"24":0,"25":0,"26":0,"27":0,"28":0,"29":0,"30":0,"31":0,"32":0,"33":0,"34":0,"35":0,"36":0,"37":0,"38":0,"39":0,"40":0,"41":0,"42":0,"43":0,"44":0,"45":0,"46":1,"47":0,"48":0,"49":0,"50":0,"51":0,"52":0,"53":0,"54":0,"55":1},"f":{"0":0,"1":0,"2":0,"3":0},"b":{"0":[0,0],"1":[0,0],"2":[0,0],"3":[0,0],"4":[0,0],"5":[0,0],"6":[0,0],"7":[0,0],"8":[0,0],"9":[0,0],"10":[0,0],"11":[0,0],"12":[0,0],"13":[0,0,0],"14":[0,0],"15":[0,0],"16":[0,0,0],"17":[0,0],"18":[0,0],"19":[0,0,0],"20":[0,0,0],"21":[0,0,0],"22":[0,0,0],"23":[0,0],"24":[0,0],"25":[0,0],"26":[0,0],"27":[0,0],"28":[0,0],"29":[0,0],"30":[0,0]},"_coverageSchema":"1a1c01bbd47fc00a2c39e90264f33305004495a9","hash":"b599e26520ce67dc15c348f00e4373a68258bdda"}
,"C:\\Users\\user\\PetalSpeak\\back\\routes\\products.js": {"path":"C:\\Users\\user\\PetalSpeak\\back\\routes\\products.js","statementMap":{"0":{"start":{"line":1,"column":16},"end":{"line":1,"column":34}},"1":{"start":{"line":2,"column":15},"end":{"line":2,"column":31}},"2":{"start":{"line":3,"column":15},"end":{"line":3,"column":32}},"3":{"start":{"line":4,"column":13},"end":{"line":4,"column":28}},"4":{"start":{"line":5,"column":11},"end":{"line":5,"column":24}},"5":{"start":{"line":6,"column":13},"end":{"line":6,"column":39}},"6":{"start":{"line":7,"column":13},"end":{"line":7,"column":42}},"7":{"start":{"line":8,"column":20},"end":{"line":8,"column":56}},"8":{"start":{"line":9,"column":18},"end":{"line":9,"column":67}},"9":{"start":{"line":13,"column":0},"end":{"line":19,"column":1}},"10":{"start":{"line":18,"column":4},"end":{"line":18,"column":49}},"11":{"start":{"line":23,"column":16},"end":{"line":37,"column":2}},"12":{"start":{"line":28,"column":8},"end":{"line":28,"column":28}},"13":{"start":{"line":34,"column":20},"end":{"line":34,"column":51}},"14":{"start":{"line":35,"column":8},"end":{"line":35,"column":48}},"15":{"start":{"line":39,"column":15},"end":{"line":39,"column":34}},"16":{"start":{"line":41,"column":20},"end":{"line":41,"column":29}},"17":{"start":{"line":51,"column":19},"end":{"line":51,"column":41}},"18":{"start":{"line":61,"column":4},"end":{"line":61,"column":59}},"19":{"start":{"line":71,"column":4},"end":{"line":71,"column":25}},"20":{"start":{"line":71,"column":15},"end":{"line":71,"column":25}},"21":{"start":{"line":73,"column":4},"end":{"line":144,"column":5}},"22":{"start":{"line":82,"column":12},"end":{"line":82,"column":145}},"23":{"start":{"line":86,"column":31},"end":{"line":86,"column":53}},"24":{"start":{"line":90,"column":8},"end":{"line":97,"column":9}},"25":{"start":{"line":91,"column":31},"end":{"line":91,"column":58}},"26":{"start":{"line":92,"column":31},"end":{"line":92,"column":56}},"27":{"start":{"line":96,"column":12},"end":{"line":96,"column":46}},"28":{"start":{"line":96,"column":28},"end":{"line":96,"column":46}},"29":{"start":{"line":103,"column":30},"end":{"line":116,"column":9}},"30":{"start":{"line":120,"column":8},"end":{"line":126,"column":9}},"31":{"start":{"line":121,"column":30},"end":{"line":121,"column":56}},"32":{"start":{"line":123,"column":12},"end":{"line":125,"column":13}},"33":{"start":{"line":124,"column":16},"end":{"line":124,"column":48}},"34":{"start":{"line":133,"column":12},"end":{"line":133,"column":120}},"35":{"start":{"line":137,"column":25},"end":{"line":137,"column":41}},"36":{"start":{"line":138,"column":21},"end":{"line":138,"column":42}},"37":{"start":{"line":139,"column":8},"end":{"line":139,"column":58}},"38":{"start":{"line":142,"column":8},"end":{"line":142,"column":49}},"39":{"start":{"line":143,"column":8},"end":{"line":143,"column":20}},"40":{"start":{"line":154,"column":4},"end":{"line":160,"column":5}},"41":{"start":{"line":155,"column":8},"end":{"line":159,"column":10}},"42":{"start":{"line":165,"column":17},"end":{"line":165,"column":35}},"43":{"start":{"line":169,"column":4},"end":{"line":175,"column":5}},"44":{"start":{"line":170,"column":8},"end":{"line":174,"column":10}},"45":{"start":{"line":179,"column":4},"end":{"line":185,"column":5}},"46":{"start":{"line":180,"column":8},"end":{"line":184,"column":10}},"47":{"start":{"line":189,"column":4},"end":{"line":193,"column":6}},"48":{"start":{"line":203,"column":25},"end":{"line":203,"column":49}},"49":{"start":{"line":207,"column":28},"end":{"line":210,"column":5}},"50":{"start":{"line":214,"column":21},"end":{"line":214,"column":25}},"51":{"start":{"line":217,"column":4},"end":{"line":226,"column":5}},"52":{"start":{"line":218,"column":30},"end":{"line":221,"column":9}},"53":{"start":{"line":225,"column":8},"end":{"line":225,"column":44}},"54":{"start":{"line":231,"column":4},"end":{"line":234,"column":6}},"55":{"start":{"line":240,"column":0},"end":{"line":285,"column":3}},"56":{"start":{"line":241,"column":4},"end":{"line":284,"column":5}},"57":{"start":{"line":245,"column":43},"end":{"line":245,"column":52}},"58":{"start":{"line":249,"column":18},"end":{"line":253,"column":9}},"59":{"start":{"line":257,"column":23},"end":{"line":257,"column":25}},"60":{"start":{"line":261,"column":8},"end":{"line":264,"column":9}},"61":{"start":{"line":262,"column":12},"end":{"line":262,"column":39}},"62":{"start":{"line":263,"column":12},"end":{"line":263,"column":34}},"63":{"start":{"line":268,"column":8},"end":{"line":271,"column":9}},"64":{"start":{"line":269,"column":12},"end":{"line":269,"column":43}},"65":{"start":{"line":270,"column":12},"end":{"line":270,"column":38}},"66":{"start":{"line":275,"column":8},"end":{"line":275,"column":35}},"67":{"start":{"line":279,"column":23},"end":{"line":279,"column":52}},"68":{"start":{"line":280,"column":8},"end":{"line":280,"column":23}},"69":{"start":{"line":282,"column":8},"end":{"line":282,"column":52}},"70":{"start":{"line":283,"column":8},"end":{"line":283,"column":21}},"71":{"start":{"line":291,"column":0},"end":{"line":421,"column":2}},"72":{"start":{"line":300,"column":24},"end":{"line":300,"column":49}},"73":{"start":{"line":304,"column":8},"end":{"line":308,"column":9}},"74":{"start":{"line":305,"column":12},"end":{"line":307,"column":15}},"75":{"start":{"line":312,"column":8},"end":{"line":312,"column":33}},"76":{"start":{"line":314,"column":8},"end":{"line":419,"column":9}},"77":{"start":{"line":325,"column":16},"end":{"line":325,"column":30}},"78":{"start":{"line":329,"column":32},"end":{"line":329,"column":80}},"79":{"start":{"line":330,"column":31},"end":{"line":330,"column":77}},"80":{"start":{"line":331,"column":31},"end":{"line":331,"column":64}},"81":{"start":{"line":332,"column":31},"end":{"line":332,"column":79}},"82":{"start":{"line":336,"column":12},"end":{"line":338,"column":13}},"83":{"start":{"line":337,"column":16},"end":{"line":337,"column":84}},"84":{"start":{"line":342,"column":32},"end":{"line":342,"column":50}},"85":{"start":{"line":346,"column":12},"end":{"line":348,"column":13}},"86":{"start":{"line":347,"column":16},"end":{"line":347,"column":83}},"87":{"start":{"line":352,"column":53},"end":{"line":352,"column":101}},"88":{"start":{"line":360,"column":16},"end":{"line":360,"column":63}},"89":{"start":{"line":364,"column":30},"end":{"line":366,"column":22}},"90":{"start":{"line":370,"column":50},"end":{"line":373,"column":13}},"91":{"start":{"line":377,"column":12},"end":{"line":411,"column":15}},"92":{"start":{"line":413,"column":12},"end":{"line":413,"column":48}},"93":{"start":{"line":415,"column":12},"end":{"line":415,"column":58}},"94":{"start":{"line":416,"column":12},"end":{"line":416,"column":63}},"95":{"start":{"line":418,"column":12},"end":{"line":418,"column":40}},"96":{"start":{"line":427,"column":0},"end":{"line":562,"column":2}},"97":{"start":{"line":436,"column":24},"end":{"line":436,"column":49}},"98":{"start":{"line":440,"column":8},"end":{"line":444,"column":9}},"99":{"start":{"line":441,"column":12},"end":{"line":443,"column":15}},"100":{"start":{"line":448,"column":8},"end":{"line":448,"column":33}},"101":{"start":{"line":450,"column":8},"end":{"line":560,"column":9}},"102":{"start":{"line":462,"column":16},"end":{"line":462,"column":30}},"103":{"start":{"line":466,"column":32},"end":{"line":466,"column":80}},"104":{"start":{"line":467,"column":31},"end":{"line":467,"column":77}},"105":{"start":{"line":468,"column":31},"end":{"line":468,"column":64}},"106":{"start":{"line":469,"column":31},"end":{"line":469,"column":79}},"107":{"start":{"line":473,"column":12},"end":{"line":475,"column":13}},"108":{"start":{"line":474,"column":16},"end":{"line":474,"column":84}},"109":{"start":{"line":479,"column":32},"end":{"line":479,"column":50}},"110":{"start":{"line":483,"column":12},"end":{"line":485,"column":13}},"111":{"start":{"line":484,"column":16},"end":{"line":484,"column":83}},"112":{"start":{"line":489,"column":53},"end":{"line":489,"column":101}},"113":{"start":{"line":497,"column":16},"end":{"line":497,"column":63}},"114":{"start":{"line":501,"column":28},"end":{"line":501,"column":45}},"115":{"start":{"line":505,"column":12},"end":{"line":507,"column":13}},"116":{"start":{"line":506,"column":16},"end":{"line":506,"column":69}},"117":{"start":{"line":511,"column":50},"end":{"line":514,"column":13}},"118":{"start":{"line":518,"column":12},"end":{"line":552,"column":15}},"119":{"start":{"line":554,"column":12},"end":{"line":554,"column":48}},"120":{"start":{"line":556,"column":12},"end":{"line":556,"column":58}},"121":{"start":{"line":557,"column":12},"end":{"line":557,"column":63}},"122":{"start":{"line":559,"column":12},"end":{"line":559,"column":40}},"123":{"start":{"line":567,"column":0},"end":{"line":592,"column":2}},"124":{"start":{"line":573,"column":8},"end":{"line":590,"column":9}},"125":{"start":{"line":577,"column":12},"end":{"line":580,"column":14}},"126":{"start":{"line":582,"column":12},"end":{"line":584,"column":15}},"127":{"start":{"line":586,"column":12},"end":{"line":586,"column":58}},"128":{"start":{"line":587,"column":12},"end":{"line":589,"column":15}},"129":{"start":{"line":594,"column":0},"end":{"line":594,"column":24}}},"fnMap":{"0":{"name":"(anonymous_0)","decl":{"start":{"line":27,"column":17},"end":{"line":27,"column":18}},"loc":{"start":{"line":27,"column":36},"end":{"line":29,"column":5}},"line":27},"1":{"name":"(anonymous_1)","decl":{"start":{"line":33,"column":14},"end":{"line":33,"column":15}},"loc":{"start":{"line":33,"column":33},"end":{"line":36,"column":5}},"line":33},"2":{"name":"getLockKey","decl":{"start":{"line":46,"column":9},"end":{"line":46,"column":19}},"loc":{"start":{"line":46,"column":33},"end":{"line":62,"column":1}},"line":46},"3":{"name":"translateText","decl":{"start":{"line":67,"column":15},"end":{"line":67,"column":28}},"loc":{"start":{"line":67,"column":59},"end":{"line":145,"column":1}},"line":67},"4":{"name":"buildTranslations","decl":{"start":{"line":150,"column":15},"end":{"line":150,"column":32}},"loc":{"start":{"line":150,"column":51},"end":{"line":194,"column":1}},"line":150},"5":{"name":"getRelationIds","decl":{"start":{"line":198,"column":15},"end":{"line":198,"column":29}},"loc":{"start":{"line":198,"column":54},"end":{"line":235,"column":1}},"line":198},"6":{"name":"(anonymous_6)","decl":{"start":{"line":240,"column":16},"end":{"line":240,"column":17}},"loc":{"start":{"line":240,"column":36},"end":{"line":285,"column":1}},"line":240},"7":{"name":"(anonymous_7)","decl":{"start":{"line":296,"column":4},"end":{"line":296,"column":5}},"loc":{"start":{"line":296,"column":24},"end":{"line":420,"column":5}},"line":296},"8":{"name":"(anonymous_8)","decl":{"start":{"line":432,"column":4},"end":{"line":432,"column":5}},"loc":{"start":{"line":432,"column":24},"end":{"line":561,"column":5}},"line":432},"9":{"name":"(anonymous_9)","decl":{"start":{"line":571,"column":4},"end":{"line":571,"column":5}},"loc":{"start":{"line":571,"column":24},"end":{"line":591,"column":5}},"line":571}},"branchMap":{"0":{"loc":{"start":{"line":13,"column":0},"end":{"line":19,"column":1}},"type":"if","locations":[{"start":{"line":13,"column":0},"end":{"line":19,"column":1}},{"start":{},"end":{}}],"line":13},"1":{"loc":{"start":{"line":51,"column":19},"end":{"line":51,"column":41}},"type":"binary-expr","locations":[{"start":{"line":51,"column":19},"end":{"line":51,"column":31}},{"start":{"line":51,"column":35},"end":{"line":51,"column":41}}],"line":51},"2":{"loc":{"start":{"line":61,"column":34},"end":{"line":61,"column":56}},"type":"binary-expr","locations":[{"start":{"line":61,"column":34},"end":{"line":61,"column":47}},{"start":{"line":61,"column":51},"end":{"line":61,"column":56}}],"line":61},"3":{"loc":{"start":{"line":71,"column":4},"end":{"line":71,"column":25}},"type":"if","locations":[{"start":{"line":71,"column":4},"end":{"line":71,"column":25}},{"start":{},"end":{}}],"line":71},"4":{"loc":{"start":{"line":90,"column":8},"end":{"line":97,"column":9}},"type":"if","locations":[{"start":{"line":90,"column":8},"end":{"line":97,"column":9}},{"start":{},"end":{}}],"line":90},"5":{"loc":{"start":{"line":96,"column":12},"end":{"line":96,"column":46}},"type":"if","locations":[{"start":{"line":96,"column":12},"end":{"line":96,"column":46}},{"start":{},"end":{}}],"line":96},"6":{"loc":{"start":{"line":120,"column":8},"end":{"line":126,"column":9}},"type":"if","locations":[{"start":{"line":120,"column":8},"end":{"line":126,"column":9}},{"start":{},"end":{}}],"line":120},"7":{"loc":{"start":{"line":123,"column":12},"end":{"line":125,"column":13}},"type":"if","locations":[{"start":{"line":123,"column":12},"end":{"line":125,"column":13}},{"start":{},"end":{}}],"line":123},"8":{"loc":{"start":{"line":139,"column":15},"end":{"line":139,"column":57}},"type":"binary-expr","locations":[{"start":{"line":139,"column":15},"end":{"line":139,"column":49}},{"start":{"line":139,"column":53},"end":{"line":139,"column":57}}],"line":139},"9":{"loc":{"start":{"line":154,"column":4},"end":{"line":160,"column":5}},"type":"if","locations":[{"start":{"line":154,"column":4},"end":{"line":160,"column":5}},{"start":{},"end":{}}],"line":154},"10":{"loc":{"start":{"line":165,"column":17},"end":{"line":165,"column":35}},"type":"binary-expr","locations":[{"start":{"line":165,"column":17},"end":{"line":165,"column":27}},{"start":{"line":165,"column":31},"end":{"line":165,"column":35}}],"line":165},"11":{"loc":{"start":{"line":169,"column":4},"end":{"line":175,"column":5}},"type":"if","locations":[{"start":{"line":169,"column":4},"end":{"line":175,"column":5}},{"start":{},"end":{}}],"line":169},"12":{"loc":{"start":{"line":179,"column":4},"end":{"line":185,"column":5}},"type":"if","locations":[{"start":{"line":179,"column":4},"end":{"line":185,"column":5}},{"start":{},"end":{}}],"line":179},"13":{"loc":{"start":{"line":203,"column":25},"end":{"line":203,"column":49}},"type":"binary-expr","locations":[{"start":{"line":203,"column":25},"end":{"line":203,"column":33}},{"start":{"line":203,"column":37},"end":{"line":203,"column":49}}],"line":203},"14":{"loc":{"start":{"line":217,"column":4},"end":{"line":226,"column":5}},"type":"if","locations":[{"start":{"line":217,"column":4},"end":{"line":226,"column":5}},{"start":{},"end":{}}],"line":217},"15":{"loc":{"start":{"line":225,"column":21},"end":{"line":225,"column":43}},"type":"binary-expr","locations":[{"start":{"line":225,"column":21},"end":{"line":225,"column":35}},{"start":{"line":225,"column":39},"end":{"line":225,"column":43}}],"line":225},"16":{"loc":{"start":{"line":232,"column":20},"end":{"line":232,"column":43}},"type":"binary-expr","locations":[{"start":{"line":232,"column":20},"end":{"line":232,"column":35}},{"start":{"line":232,"column":39},"end":{"line":232,"column":43}}],"line":232},"17":{"loc":{"start":{"line":233,"column":23},"end":{"line":233,"column":45}},"type":"binary-expr","locations":[{"start":{"line":233,"column":23},"end":{"line":233,"column":37}},{"start":{"line":233,"column":41},"end":{"line":233,"column":45}}],"line":233},"18":{"loc":{"start":{"line":261,"column":8},"end":{"line":264,"column":9}},"type":"if","locations":[{"start":{"line":261,"column":8},"end":{"line":264,"column":9}},{"start":{},"end":{}}],"line":261},"19":{"loc":{"start":{"line":268,"column":8},"end":{"line":271,"column":9}},"type":"if","locations":[{"start":{"line":268,"column":8},"end":{"line":271,"column":9}},{"start":{},"end":{}}],"line":268},"20":{"loc":{"start":{"line":304,"column":8},"end":{"line":308,"column":9}},"type":"if","locations":[{"start":{"line":304,"column":8},"end":{"line":308,"column":9}},{"start":{},"end":{}}],"line":304},"21":{"loc":{"start":{"line":325,"column":16},"end":{"line":325,"column":30}},"type":"binary-expr","locations":[{"start":{"line":325,"column":16},"end":{"line":325,"column":24}},{"start":{"line":325,"column":28},"end":{"line":325,"column":30}}],"line":325},"22":{"loc":{"start":{"line":329,"column":33},"end":{"line":329,"column":72}},"type":"binary-expr","locations":[{"start":{"line":329,"column":33},"end":{"line":329,"column":45}},{"start":{"line":329,"column":49},"end":{"line":329,"column":66}},{"start":{"line":329,"column":70},"end":{"line":329,"column":72}}],"line":329},"23":{"loc":{"start":{"line":330,"column":32},"end":{"line":330,"column":69}},"type":"binary-expr","locations":[{"start":{"line":330,"column":32},"end":{"line":330,"column":43}},{"start":{"line":330,"column":47},"end":{"line":330,"column":63}},{"start":{"line":330,"column":67},"end":{"line":330,"column":69}}],"line":330},"24":{"loc":{"start":{"line":331,"column":31},"end":{"line":331,"column":64}},"type":"binary-expr","locations":[{"start":{"line":331,"column":31},"end":{"line":331,"column":56}},{"start":{"line":331,"column":60},"end":{"line":331,"column":64}}],"line":331},"25":{"loc":{"start":{"line":331,"column":32},"end":{"line":331,"column":48}},"type":"binary-expr","locations":[{"start":{"line":331,"column":32},"end":{"line":331,"column":40}},{"start":{"line":331,"column":44},"end":{"line":331,"column":48}}],"line":331},"26":{"loc":{"start":{"line":332,"column":31},"end":{"line":332,"column":79}},"type":"cond-expr","locations":[{"start":{"line":332,"column":59},"end":{"line":332,"column":71}},{"start":{"line":332,"column":74},"end":{"line":332,"column":79}}],"line":332},"27":{"loc":{"start":{"line":336,"column":12},"end":{"line":338,"column":13}},"type":"if","locations":[{"start":{"line":336,"column":12},"end":{"line":338,"column":13}},{"start":{},"end":{}}],"line":336},"28":{"loc":{"start":{"line":336,"column":16},"end":{"line":336,"column":115}},"type":"binary-expr","locations":[{"start":{"line":336,"column":16},"end":{"line":336,"column":28}},{"start":{"line":336,"column":32},"end":{"line":336,"column":43}},{"start":{"line":336,"column":47},"end":{"line":336,"column":64}},{"start":{"line":336,"column":68},"end":{"line":336,"column":92}},{"start":{"line":336,"column":96},"end":{"line":336,"column":115}}],"line":336},"29":{"loc":{"start":{"line":346,"column":12},"end":{"line":348,"column":13}},"type":"if","locations":[{"start":{"line":346,"column":12},"end":{"line":348,"column":13}},{"start":{},"end":{}}],"line":346},"30":{"loc":{"start":{"line":364,"column":30},"end":{"line":366,"column":22}},"type":"cond-expr","locations":[{"start":{"line":365,"column":18},"end":{"line":365,"column":58}},{"start":{"line":366,"column":18},"end":{"line":366,"column":22}}],"line":364},"31":{"loc":{"start":{"line":371,"column":16},"end":{"line":371,"column":40}},"type":"binary-expr","locations":[{"start":{"line":371,"column":16},"end":{"line":371,"column":24}},{"start":{"line":371,"column":28},"end":{"line":371,"column":40}}],"line":371},"32":{"loc":{"start":{"line":372,"column":16},"end":{"line":372,"column":36}},"type":"binary-expr","locations":[{"start":{"line":372,"column":16},"end":{"line":372,"column":28}},{"start":{"line":372,"column":32},"end":{"line":372,"column":36}}],"line":372},"33":{"loc":{"start":{"line":407,"column":16},"end":{"line":407,"column":40}},"type":"binary-expr","locations":[{"start":{"line":407,"column":16},"end":{"line":407,"column":24}},{"start":{"line":407,"column":28},"end":{"line":407,"column":40}}],"line":407},"34":{"loc":{"start":{"line":408,"column":16},"end":{"line":408,"column":36}},"type":"binary-expr","locations":[{"start":{"line":408,"column":16},"end":{"line":408,"column":28}},{"start":{"line":408,"column":32},"end":{"line":408,"column":36}}],"line":408},"35":{"loc":{"start":{"line":440,"column":8},"end":{"line":444,"column":9}},"type":"if","locations":[{"start":{"line":440,"column":8},"end":{"line":444,"column":9}},{"start":{},"end":{}}],"line":440},"36":{"loc":{"start":{"line":462,"column":16},"end":{"line":462,"column":30}},"type":"binary-expr","locations":[{"start":{"line":462,"column":16},"end":{"line":462,"column":24}},{"start":{"line":462,"column":28},"end":{"line":462,"column":30}}],"line":462},"37":{"loc":{"start":{"line":466,"column":33},"end":{"line":466,"column":72}},"type":"binary-expr","locations":[{"start":{"line":466,"column":33},"end":{"line":466,"column":45}},{"start":{"line":466,"column":49},"end":{"line":466,"column":66}},{"start":{"line":466,"column":70},"end":{"line":466,"column":72}}],"line":466},"38":{"loc":{"start":{"line":467,"column":32},"end":{"line":467,"column":69}},"type":"binary-expr","locations":[{"start":{"line":467,"column":32},"end":{"line":467,"column":43}},{"start":{"line":467,"column":47},"end":{"line":467,"column":63}},{"start":{"line":467,"column":67},"end":{"line":467,"column":69}}],"line":467},"39":{"loc":{"start":{"line":468,"column":31},"end":{"line":468,"column":64}},"type":"binary-expr","locations":[{"start":{"line":468,"column":31},"end":{"line":468,"column":56}},{"start":{"line":468,"column":60},"end":{"line":468,"column":64}}],"line":468},"40":{"loc":{"start":{"line":468,"column":32},"end":{"line":468,"column":48}},"type":"binary-expr","locations":[{"start":{"line":468,"column":32},"end":{"line":468,"column":40}},{"start":{"line":468,"column":44},"end":{"line":468,"column":48}}],"line":468},"41":{"loc":{"start":{"line":469,"column":31},"end":{"line":469,"column":79}},"type":"cond-expr","locations":[{"start":{"line":469,"column":59},"end":{"line":469,"column":71}},{"start":{"line":469,"column":74},"end":{"line":469,"column":79}}],"line":469},"42":{"loc":{"start":{"line":473,"column":12},"end":{"line":475,"column":13}},"type":"if","locations":[{"start":{"line":473,"column":12},"end":{"line":475,"column":13}},{"start":{},"end":{}}],"line":473},"43":{"loc":{"start":{"line":473,"column":16},"end":{"line":473,"column":115}},"type":"binary-expr","locations":[{"start":{"line":473,"column":16},"end":{"line":473,"column":28}},{"start":{"line":473,"column":32},"end":{"line":473,"column":43}},{"start":{"line":473,"column":47},"end":{"line":473,"column":64}},{"start":{"line":473,"column":68},"end":{"line":473,"column":92}},{"start":{"line":473,"column":96},"end":{"line":473,"column":115}}],"line":473},"44":{"loc":{"start":{"line":483,"column":12},"end":{"line":485,"column":13}},"type":"if","locations":[{"start":{"line":483,"column":12},"end":{"line":485,"column":13}},{"start":{},"end":{}}],"line":483},"45":{"loc":{"start":{"line":501,"column":28},"end":{"line":501,"column":45}},"type":"binary-expr","locations":[{"start":{"line":501,"column":28},"end":{"line":501,"column":37}},{"start":{"line":501,"column":41},"end":{"line":501,"column":45}}],"line":501},"46":{"loc":{"start":{"line":505,"column":12},"end":{"line":507,"column":13}},"type":"if","locations":[{"start":{"line":505,"column":12},"end":{"line":507,"column":13}},{"start":{},"end":{}}],"line":505},"47":{"loc":{"start":{"line":512,"column":16},"end":{"line":512,"column":40}},"type":"binary-expr","locations":[{"start":{"line":512,"column":16},"end":{"line":512,"column":24}},{"start":{"line":512,"column":28},"end":{"line":512,"column":40}}],"line":512},"48":{"loc":{"start":{"line":513,"column":16},"end":{"line":513,"column":36}},"type":"binary-expr","locations":[{"start":{"line":513,"column":16},"end":{"line":513,"column":28}},{"start":{"line":513,"column":32},"end":{"line":513,"column":36}}],"line":513},"49":{"loc":{"start":{"line":547,"column":16},"end":{"line":547,"column":40}},"type":"binary-expr","locations":[{"start":{"line":547,"column":16},"end":{"line":547,"column":24}},{"start":{"line":547,"column":28},"end":{"line":547,"column":40}}],"line":547},"50":{"loc":{"start":{"line":548,"column":16},"end":{"line":548,"column":36}},"type":"binary-expr","locations":[{"start":{"line":548,"column":16},"end":{"line":548,"column":28}},{"start":{"line":548,"column":32},"end":{"line":548,"column":36}}],"line":548}},"s":{"0":1,"1":1,"2":1,"3":1,"4":1,"5":1,"6":1,"7":1,"8":1,"9":1,"10":0,"11":1,"12":0,"13":0,"14":0,"15":1,"16":1,"17":0,"18":0,"19":0,"20":0,"21":0,"22":0,"23":0,"24":0,"25":0,"26":0,"27":0,"28":0,"29":0,"30":0,"31":0,"32":0,"33":0,"34":0,"35":0,"36":0,"37":0,"38":0,"39":0,"40":0,"41":0,"42":0,"43":0,"44":0,"45":0,"46":0,"47":0,"48":0,"49":0,"50":0,"51":0,"52":0,"53":0,"54":0,"55":1,"56":0,"57":0,"58":0,"59":0,"60":0,"61":0,"62":0,"63":0,"64":0,"65":0,"66":0,"67":0,"68":0,"69":0,"70":0,"71":1,"72":0,"73":0,"74":0,"75":0,"76":0,"77":0,"78":0,"79":0,"80":0,"81":0,"82":0,"83":0,"84":0,"85":0,"86":0,"87":0,"88":0,"89":0,"90":0,"91":0,"92":0,"93":0,"94":0,"95":0,"96":1,"97":0,"98":0,"99":0,"100":0,"101":0,"102":0,"103":0,"104":0,"105":0,"106":0,"107":0,"108":0,"109":0,"110":0,"111":0,"112":0,"113":0,"114":0,"115":0,"116":0,"117":0,"118":0,"119":0,"120":0,"121":0,"122":0,"123":1,"124":0,"125":0,"126":0,"127":0,"128":0,"129":1},"f":{"0":0,"1":0,"2":0,"3":0,"4":0,"5":0,"6":0,"7":0,"8":0,"9":0},"b":{"0":[0,1],"1":[0,0],"2":[0,0],"3":[0,0],"4":[0,0],"5":[0,0],"6":[0,0],"7":[0,0],"8":[0,0],"9":[0,0],"10":[0,0],"11":[0,0],"12":[0,0],"13":[0,0],"14":[0,0],"15":[0,0],"16":[0,0],"17":[0,0],"18":[0,0],"19":[0,0],"20":[0,0],"21":[0,0],"22":[0,0,0],"23":[0,0,0],"24":[0,0],"25":[0,0],"26":[0,0],"27":[0,0],"28":[0,0,0,0,0],"29":[0,0],"30":[0,0],"31":[0,0],"32":[0,0],"33":[0,0],"34":[0,0],"35":[0,0],"36":[0,0],"37":[0,0,0],"38":[0,0,0],"39":[0,0],"40":[0,0],"41":[0,0],"42":[0,0],"43":[0,0,0,0,0],"44":[0,0],"45":[0,0],"46":[0,0],"47":[0,0],"48":[0,0],"49":[0,0],"50":[0,0]},"_coverageSchema":"1a1c01bbd47fc00a2c39e90264f33305004495a9","hash":"83399a50542bdb44f5d280d1649dbc4df6a38b62"}
,"C:\\Users\\user\\PetalSpeak\\back\\routes\\tests.js": {"path":"C:\\Users\\user\\PetalSpeak\\back\\routes\\tests.js","statementMap":{"0":{"start":{"line":1,"column":16},"end":{"line":1,"column":34}},"1":{"start":{"line":2,"column":12},"end":{"line":2,"column":35}},"2":{"start":{"line":3,"column":13},"end":{"line":3,"column":39}},"3":{"start":{"line":4,"column":13},"end":{"line":4,"column":42}},"4":{"start":{"line":5,"column":15},"end":{"line":5,"column":31}},"5":{"start":{"line":6,"column":19},"end":{"line":6,"column":30}},"6":{"start":{"line":11,"column":0},"end":{"line":84,"column":3}},"7":{"start":{"line":13,"column":4},"end":{"line":83,"column":5}},"8":{"start":{"line":22,"column":12},"end":{"line":22,"column":20}},"9":{"start":{"line":26,"column":8},"end":{"line":30,"column":9}},"10":{"start":{"line":27,"column":12},"end":{"line":29,"column":15}},"11":{"start":{"line":34,"column":21},"end":{"line":34,"column":25}},"12":{"start":{"line":38,"column":27},"end":{"line":38,"column":52}},"13":{"start":{"line":40,"column":8},"end":{"line":58,"column":9}},"14":{"start":{"line":42,"column":12},"end":{"line":57,"column":13}},"15":{"start":{"line":46,"column":30},"end":{"line":46,"column":54}},"16":{"start":{"line":47,"column":32},"end":{"line":47,"column":61}},"17":{"start":{"line":51,"column":16},"end":{"line":51,"column":36}},"18":{"start":{"line":56,"column":16},"end":{"line":56,"column":30}},"19":{"start":{"line":62,"column":8},"end":{"line":73,"column":10}},"20":{"start":{"line":75,"column":8},"end":{"line":77,"column":11}},"21":{"start":{"line":79,"column":8},"end":{"line":79,"column":49}},"22":{"start":{"line":80,"column":8},"end":{"line":82,"column":11}},"23":{"start":{"line":88,"column":0},"end":{"line":116,"column":3}},"24":{"start":{"line":90,"column":4},"end":{"line":115,"column":5}},"25":{"start":{"line":94,"column":23},"end":{"line":107,"column":9}},"26":{"start":{"line":109,"column":8},"end":{"line":109,"column":23}},"27":{"start":{"line":111,"column":8},"end":{"line":111,"column":52}},"28":{"start":{"line":112,"column":8},"end":{"line":114,"column":11}},"29":{"start":{"line":118,"column":0},"end":{"line":118,"column":24}}},"fnMap":{"0":{"name":"(anonymous_0)","decl":{"start":{"line":11,"column":17},"end":{"line":11,"column":18}},"loc":{"start":{"line":11,"column":37},"end":{"line":84,"column":1}},"line":11},"1":{"name":"(anonymous_1)","decl":{"start":{"line":88,"column":24},"end":{"line":88,"column":25}},"loc":{"start":{"line":88,"column":44},"end":{"line":116,"column":1}},"line":88}},"branchMap":{"0":{"loc":{"start":{"line":26,"column":8},"end":{"line":30,"column":9}},"type":"if","locations":[{"start":{"line":26,"column":8},"end":{"line":30,"column":9}},{"start":{},"end":{}}],"line":26},"1":{"loc":{"start":{"line":26,"column":12},"end":{"line":26,"column":36}},"type":"binary-expr","locations":[{"start":{"line":26,"column":12},"end":{"line":26,"column":19}},{"start":{"line":26,"column":23},"end":{"line":26,"column":36}}],"line":26},"2":{"loc":{"start":{"line":40,"column":8},"end":{"line":58,"column":9}},"type":"if","locations":[{"start":{"line":40,"column":8},"end":{"line":58,"column":9}},{"start":{},"end":{}}],"line":40},"3":{"loc":{"start":{"line":40,"column":12},"end":{"line":40,"column":58}},"type":"binary-expr","locations":[{"start":{"line":40,"column":12},"end":{"line":40,"column":22}},{"start":{"line":40,"column":26},"end":{"line":40,"column":58}}],"line":40},"4":{"loc":{"start":{"line":70,"column":16},"end":{"line":70,"column":34}},"type":"binary-expr","locations":[{"start":{"line":70,"column":16},"end":{"line":70,"column":28}},{"start":{"line":70,"column":32},"end":{"line":70,"column":34}}],"line":70},"5":{"loc":{"start":{"line":71,"column":16},"end":{"line":71,"column":29}},"type":"binary-expr","locations":[{"start":{"line":71,"column":16},"end":{"line":71,"column":21}},{"start":{"line":71,"column":25},"end":{"line":71,"column":29}}],"line":71}},"s":{"0":1,"1":1,"2":1,"3":1,"4":1,"5":1,"6":1,"7":0,"8":0,"9":0,"10":0,"11":0,"12":0,"13":0,"14":0,"15":0,"16":0,"17":0,"18":0,"19":0,"20":0,"21":0,"22":0,"23":1,"24":0,"25":0,"26":0,"27":0,"28":0,"29":1},"f":{"0":0,"1":0},"b":{"0":[0,0],"1":[0,0],"2":[0,0],"3":[0,0],"4":[0,0],"5":[0,0]},"_coverageSchema":"1a1c01bbd47fc00a2c39e90264f33305004495a9","hash":"ddfeee75976b308ce4e58203761cbb32548f9810"}
,"C:\\Users\\user\\PetalSpeak\\back\\utils\\mailer.js": {"path":"C:\\Users\\user\\PetalSpeak\\back\\utils\\mailer.js","statementMap":{"0":{"start":{"line":1,"column":19},"end":{"line":1,"column":40}},"1":{"start":{"line":5,"column":20},"end":{"line":11,"column":2}},"2":{"start":{"line":13,"column":0},"end":{"line":13,"column":29}}},"fnMap":{},"branchMap":{},"s":{"0":1,"1":1,"2":1},"f":{},"b":{},"_coverageSchema":"1a1c01bbd47fc00a2c39e90264f33305004495a9","hash":"c8b00fd5c2f5a233d2996bf9ed9e14299be0f176"}
}
