TN:
SF:server.js
FN:40,(anonymous_0)
FN:47,(anonymous_1)
FNF:2
FNH:0
FNDA:0,(anonymous_0)
FNDA:0,(anonymous_1)
DA:1,1
DA:2,1
DA:3,1
DA:5,1
DA:6,1
DA:7,1
DA:8,1
DA:9,1
DA:13,1
DA:14,1
DA:15,1
DA:19,1
DA:20,1
DA:24,1
DA:25,1
DA:26,1
DA:27,1
DA:31,1
DA:32,1
DA:33,1
DA:34,1
DA:35,1
DA:36,1
DA:40,1
DA:41,0
DA:46,1
DA:47,0
DA:48,0
DA:52,1
LF:29
LH:26
BRDA:46,0,0,0
BRDA:46,0,1,1
BRF:2
BRH:1
end_of_record
TN:
SF:config\mysql.js
FNF:0
FNH:0
DA:3,1
DA:6,1
DA:16,1
LF:3
LH:3
BRF:0
BRH:0
end_of_record
TN:
SF:middleware\auth.js
FN:7,(anonymous_0)
FNF:1
FNH:0
FNDA:0,(anonymous_0)
DA:3,1
DA:4,1
DA:7,1
DA:10,0
DA:11,0
DA:12,0
DA:18,0
DA:19,0
DA:20,0
DA:21,0
DA:22,0
DA:25,0
LF:12
LH:3
BRDA:11,0,0,0
BRDA:11,0,1,0
BRF:2
BRH:0
end_of_record
TN:
SF:middleware\requireRole.js
FN:3,requireRole
FN:6,(anonymous_1)
FNF:2
FNH:1
FNDA:11,requireRole
FNDA:0,(anonymous_1)
DA:6,11
DA:7,0
DA:8,0
DA:14,0
DA:15,0
DA:19,0
DA:23,1
LF:7
LH:2
BRDA:7,0,0,0
BRDA:7,0,1,0
BRDA:14,1,0,0
BRDA:14,1,1,0
BRF:4
BRH:0
end_of_record
TN:
SF:routes\admin.js
FN:10,(anonymous_0)
FN:31,(anonymous_1)
FN:59,(anonymous_2)
FN:86,(anonymous_3)
FN:115,(anonymous_4)
FN:140,(anonymous_5)
FN:168,(anonymous_6)
FN:219,(anonymous_7)
FNF:8
FNH:0
FNDA:0,(anonymous_0)
FNDA:0,(anonymous_1)
FNDA:0,(anonymous_2)
FNDA:0,(anonymous_3)
FNDA:0,(anonymous_4)
FNDA:0,(anonymous_5)
FNDA:0,(anonymous_6)
FNDA:0,(anonymous_7)
DA:1,1
DA:2,1
DA:3,1
DA:4,1
DA:5,1
DA:10,1
DA:14,0
DA:15,0
DA:20,0
DA:22,0
DA:23,0
DA:31,1
DA:35,0
DA:36,0
DA:37,0
DA:38,0
DA:43,0
DA:47,0
DA:49,0
DA:50,0
DA:59,1
DA:63,0
DA:64,0
DA:65,0
DA:66,0
DA:70,0
DA:74,0
DA:76,0
DA:77,0
DA:86,1
DA:91,0
DA:92,0
DA:93,0
DA:94,0
DA:99,0
DA:103,0
DA:105,0
DA:106,0
DA:115,1
DA:120,0
DA:121,0
DA:123,0
DA:128,0
DA:130,0
DA:131,0
DA:140,1
DA:144,0
DA:145,0
DA:146,0
DA:147,0
DA:153,0
DA:157,0
DA:159,0
DA:160,0
DA:168,1
DA:173,0
DA:174,0
DA:175,0
DA:177,0
DA:182,0
DA:183,0
DA:184,0
DA:189,0
DA:199,0
DA:200,0
DA:205,0
DA:207,0
DA:209,0
DA:210,0
DA:219,1
DA:221,0
DA:222,0
DA:223,0
DA:224,0
DA:226,0
DA:227,0
DA:228,0
DA:231,0
DA:236,0
DA:241,0
DA:248,0
DA:260,0
DA:267,0
DA:268,0
DA:273,1
LF:85
LH:14
BRDA:37,0,0,0
BRDA:37,0,1,0
BRDA:65,1,0,0
BRDA:65,1,1,0
BRDA:93,2,0,0
BRDA:93,2,1,0
BRDA:146,3,0,0
BRDA:146,3,1,0
BRDA:182,4,0,0
BRDA:182,4,1,0
BRDA:182,5,0,0
BRDA:182,5,1,0
BRDA:226,6,0,0
BRDA:226,6,1,0
BRDA:226,7,0,0
BRDA:226,7,1,0
BRDA:255,8,0,0
BRDA:255,8,1,0
BRF:18
BRH:0
end_of_record
TN:
SF:routes\auth.js
FN:15,isStrongPassword
FN:48,(anonymous_1)
FN:54,(anonymous_2)
FN:79,(anonymous_3)
FN:94,(anonymous_4)
FN:155,(anonymous_5)
FN:289,(anonymous_6)
FN:321,(anonymous_7)
FN:378,(anonymous_8)
FN:460,(anonymous_9)
FN:464,(anonymous_10)
FNF:11
FNH:2
FNDA:0,isStrongPassword
FNDA:0,(anonymous_1)
FNDA:0,(anonymous_2)
FNDA:0,(anonymous_3)
FNDA:1,(anonymous_4)
FNDA:1,(anonymous_5)
FNDA:0,(anonymous_6)
FNDA:0,(anonymous_7)
FNDA:0,(anonymous_8)
FNDA:0,(anonymous_9)
FNDA:0,(anonymous_10)
DA:1,1
DA:2,1
DA:3,1
DA:4,1
DA:5,1
DA:6,1
DA:7,1
DA:8,1
DA:9,1
DA:10,1
DA:17,0
DA:30,1
DA:34,1
DA:39,0
DA:44,1
DA:49,0
DA:55,0
DA:63,0
DA:70,1
DA:83,0
DA:84,0
DA:86,0
DA:94,1
DA:96,1
DA:97,1
DA:101,1
DA:102,1
DA:110,0
DA:111,0
DA:118,0
DA:125,0
DA:126,0
DA:133,0
DA:137,0
DA:141,0
DA:145,0
DA:146,0
DA:155,1
DA:157,1
DA:158,1
DA:162,1
DA:169,1
DA:170,1
DA:177,0
DA:181,0
DA:182,0
DA:189,0
DA:190,0
DA:197,0
DA:198,0
DA:205,0
DA:209,0
DA:213,0
DA:217,0
DA:218,0
DA:223,0
DA:230,0
DA:237,0
DA:245,0
DA:253,0
DA:265,0
DA:278,0
DA:279,0
DA:289,1
DA:291,0
DA:295,0
DA:302,0
DA:303,0
DA:308,0
DA:310,0
DA:311,0
DA:321,1
DA:323,0
DA:324,0
DA:328,0
DA:329,0
DA:336,0
DA:343,0
DA:344,0
DA:351,0
DA:358,0
DA:363,0
DA:368,0
DA:369,0
DA:378,1
DA:380,0
DA:384,0
DA:388,0
DA:389,0
DA:397,0
DA:398,0
DA:405,0
DA:406,0
DA:413,0
DA:418,0
DA:419,0
DA:426,0
DA:428,0
DA:429,0
DA:436,0
DA:440,0
DA:445,0
DA:449,0
DA:450,0
DA:460,1
DA:464,0
DA:468,0
DA:469,0
DA:470,0
DA:477,0
DA:478,0
DA:485,0
DA:489,0
DA:496,0
DA:501,0
DA:502,0
DA:511,1
LF:117
LH:30
BRDA:18,0,0,0
BRDA:18,0,1,0
BRDA:18,0,2,0
BRDA:18,0,3,0
BRDA:18,0,4,0
BRDA:34,1,0,0
BRDA:34,1,1,1
BRDA:83,2,0,0
BRDA:83,2,1,0
BRDA:101,3,0,1
BRDA:101,3,1,0
BRDA:101,4,0,1
BRDA:101,4,1,0
BRDA:101,4,2,0
BRDA:110,5,0,0
BRDA:110,5,1,0
BRDA:125,6,0,0
BRDA:125,6,1,0
BRDA:169,7,0,1
BRDA:169,7,1,0
BRDA:181,8,0,0
BRDA:181,8,1,0
BRDA:189,9,0,0
BRDA:189,9,1,0
BRDA:197,10,0,0
BRDA:197,10,1,0
BRDA:197,11,0,0
BRDA:197,11,1,0
BRDA:209,12,0,0
BRDA:209,12,1,0
BRDA:213,13,0,0
BRDA:213,13,1,0
BRDA:217,14,0,0
BRDA:217,14,1,0
BRDA:257,15,0,0
BRDA:257,15,1,0
BRDA:273,16,0,0
BRDA:273,16,1,0
BRDA:302,17,0,0
BRDA:302,17,1,0
BRDA:328,18,0,0
BRDA:328,18,1,0
BRDA:328,19,0,0
BRDA:328,19,1,0
BRDA:343,20,0,0
BRDA:343,20,1,0
BRDA:388,21,0,0
BRDA:388,21,1,0
BRDA:388,22,0,0
BRDA:388,22,1,0
BRDA:388,22,2,0
BRDA:397,23,0,0
BRDA:397,23,1,0
BRDA:405,24,0,0
BRDA:405,24,1,0
BRDA:418,25,0,0
BRDA:418,25,1,0
BRDA:428,26,0,0
BRDA:428,26,1,0
BRDA:469,27,0,0
BRDA:469,27,1,0
BRDA:471,28,0,0
BRDA:471,28,1,0
BRDA:477,29,0,0
BRDA:477,29,1,0
BRF:65
BRH:4
end_of_record
TN:
SF:routes\orders.js
FN:12,(anonymous_0)
FN:92,(anonymous_1)
FN:152,(anonymous_2)
FN:245,(anonymous_3)
FNF:4
FNH:0
FNDA:0,(anonymous_0)
FNDA:0,(anonymous_1)
FNDA:0,(anonymous_2)
FNDA:0,(anonymous_3)
DA:1,1
DA:2,1
DA:3,1
DA:4,1
DA:5,1
DA:6,1
DA:7,1
DA:12,1
DA:16,0
DA:20,0
DA:32,0
DA:36,0
DA:37,0
DA:42,0
DA:46,0
DA:50,0
DA:51,0
DA:56,0
DA:69,0
DA:73,0
DA:75,0
DA:77,0
DA:81,0
DA:83,0
DA:84,0
DA:86,0
DA:92,0
DA:93,0
DA:98,0
DA:102,0
DA:106,0
DA:127,0
DA:131,0
DA:132,0
DA:148,0
DA:152,0
DA:163,0
DA:167,0
DA:202,0
DA:206,0
DA:229,0
DA:234,0
DA:235,0
DA:236,0
DA:238,0
DA:245,1
DA:250,0
DA:251,0
DA:258,0
DA:259,0
DA:264,0
DA:267,0
DA:269,0
DA:270,0
DA:274,1
LF:55
LH:10
BRDA:36,0,0,0
BRDA:36,0,1,0
BRDA:36,1,0,0
BRDA:36,1,1,0
BRDA:42,2,0,0
BRDA:42,2,1,0
BRDA:42,3,0,0
BRDA:42,3,1,0
BRDA:46,4,0,0
BRDA:46,4,1,0
BRDA:50,5,0,0
BRDA:50,5,1,0
BRDA:58,6,0,0
BRDA:58,6,1,0
BRDA:60,7,0,0
BRDA:60,7,1,0
BRDA:61,8,0,0
BRDA:61,8,1,0
BRDA:75,9,0,0
BRDA:75,9,1,0
BRDA:75,10,0,0
BRDA:75,10,1,0
BRDA:93,11,0,0
BRDA:93,11,1,0
BRDA:93,12,0,0
BRDA:93,12,1,0
BRDA:113,13,0,0
BRDA:113,13,1,0
BRDA:113,13,2,0
BRDA:114,14,0,0
BRDA:114,14,1,0
BRDA:115,15,0,0
BRDA:115,15,1,0
BRDA:117,16,0,0
BRDA:117,16,1,0
BRDA:117,16,2,0
BRDA:119,17,0,0
BRDA:119,17,1,0
BRDA:120,18,0,0
BRDA:120,18,1,0
BRDA:138,19,0,0
BRDA:138,19,1,0
BRDA:138,19,2,0
BRDA:139,20,0,0
BRDA:139,20,1,0
BRDA:139,20,2,0
BRDA:140,21,0,0
BRDA:140,21,1,0
BRDA:140,21,2,0
BRDA:141,22,0,0
BRDA:141,22,1,0
BRDA:141,22,2,0
BRDA:142,23,0,0
BRDA:142,23,1,0
BRDA:143,24,0,0
BRDA:143,24,1,0
BRDA:154,25,0,0
BRDA:154,25,1,0
BRDA:155,26,0,0
BRDA:155,26,1,0
BRDA:156,27,0,0
BRDA:156,27,1,0
BRDA:163,28,0,0
BRDA:163,28,1,0
BRDA:216,29,0,0
BRDA:216,29,1,0
BRDA:217,30,0,0
BRDA:217,30,1,0
BRF:68
BRH:0
end_of_record
TN:
SF:routes\products.js
FN:27,(anonymous_0)
FN:33,(anonymous_1)
FN:46,getLockKey
FN:67,translateText
FN:150,buildTranslations
FN:198,getRelationIds
FN:240,(anonymous_6)
FN:296,(anonymous_7)
FN:432,(anonymous_8)
FN:571,(anonymous_9)
FNF:10
FNH:0
FNDA:0,(anonymous_0)
FNDA:0,(anonymous_1)
FNDA:0,getLockKey
FNDA:0,translateText
FNDA:0,buildTranslations
FNDA:0,getRelationIds
FNDA:0,(anonymous_6)
FNDA:0,(anonymous_7)
FNDA:0,(anonymous_8)
FNDA:0,(anonymous_9)
DA:1,1
DA:2,1
DA:3,1
DA:4,1
DA:5,1
DA:6,1
DA:7,1
DA:8,1
DA:9,1
DA:13,1
DA:18,0
DA:23,1
DA:28,0
DA:34,0
DA:35,0
DA:39,1
DA:41,1
DA:51,0
DA:61,0
DA:71,0
DA:73,0
DA:82,0
DA:86,0
DA:90,0
DA:91,0
DA:92,0
DA:96,0
DA:103,0
DA:120,0
DA:121,0
DA:123,0
DA:124,0
DA:133,0
DA:137,0
DA:138,0
DA:139,0
DA:142,0
DA:143,0
DA:154,0
DA:155,0
DA:165,0
DA:169,0
DA:170,0
DA:179,0
DA:180,0
DA:189,0
DA:203,0
DA:207,0
DA:214,0
DA:217,0
DA:218,0
DA:225,0
DA:231,0
DA:240,1
DA:241,0
DA:245,0
DA:249,0
DA:257,0
DA:261,0
DA:262,0
DA:263,0
DA:268,0
DA:269,0
DA:270,0
DA:275,0
DA:279,0
DA:280,0
DA:282,0
DA:283,0
DA:291,1
DA:300,0
DA:304,0
DA:305,0
DA:312,0
DA:314,0
DA:325,0
DA:329,0
DA:330,0
DA:331,0
DA:332,0
DA:336,0
DA:337,0
DA:342,0
DA:346,0
DA:347,0
DA:352,0
DA:360,0
DA:364,0
DA:370,0
DA:377,0
DA:413,0
DA:415,0
DA:416,0
DA:418,0
DA:427,1
DA:436,0
DA:440,0
DA:441,0
DA:448,0
DA:450,0
DA:462,0
DA:466,0
DA:467,0
DA:468,0
DA:469,0
DA:473,0
DA:474,0
DA:479,0
DA:483,0
DA:484,0
DA:489,0
DA:497,0
DA:501,0
DA:505,0
DA:506,0
DA:511,0
DA:518,0
DA:554,0
DA:556,0
DA:557,0
DA:559,0
DA:567,1
DA:573,0
DA:577,0
DA:582,0
DA:586,0
DA:587,0
DA:594,1
LF:128
LH:18
BRDA:13,0,0,0
BRDA:13,0,1,1
BRDA:51,1,0,0
BRDA:51,1,1,0
BRDA:61,2,0,0
BRDA:61,2,1,0
BRDA:71,3,0,0
BRDA:71,3,1,0
BRDA:90,4,0,0
BRDA:90,4,1,0
BRDA:96,5,0,0
BRDA:96,5,1,0
BRDA:120,6,0,0
BRDA:120,6,1,0
BRDA:123,7,0,0
BRDA:123,7,1,0
BRDA:139,8,0,0
BRDA:139,8,1,0
BRDA:154,9,0,0
BRDA:154,9,1,0
BRDA:165,10,0,0
BRDA:165,10,1,0
BRDA:169,11,0,0
BRDA:169,11,1,0
BRDA:179,12,0,0
BRDA:179,12,1,0
BRDA:203,13,0,0
BRDA:203,13,1,0
BRDA:217,14,0,0
BRDA:217,14,1,0
BRDA:225,15,0,0
BRDA:225,15,1,0
BRDA:232,16,0,0
BRDA:232,16,1,0
BRDA:233,17,0,0
BRDA:233,17,1,0
BRDA:261,18,0,0
BRDA:261,18,1,0
BRDA:268,19,0,0
BRDA:268,19,1,0
BRDA:304,20,0,0
BRDA:304,20,1,0
BRDA:325,21,0,0
BRDA:325,21,1,0
BRDA:329,22,0,0
BRDA:329,22,1,0
BRDA:329,22,2,0
BRDA:330,23,0,0
BRDA:330,23,1,0
BRDA:330,23,2,0
BRDA:331,24,0,0
BRDA:331,24,1,0
BRDA:331,25,0,0
BRDA:331,25,1,0
BRDA:332,26,0,0
BRDA:332,26,1,0
BRDA:336,27,0,0
BRDA:336,27,1,0
BRDA:336,28,0,0
BRDA:336,28,1,0
BRDA:336,28,2,0
BRDA:336,28,3,0
BRDA:336,28,4,0
BRDA:346,29,0,0
BRDA:346,29,1,0
BRDA:364,30,0,0
BRDA:364,30,1,0
BRDA:371,31,0,0
BRDA:371,31,1,0
BRDA:372,32,0,0
BRDA:372,32,1,0
BRDA:407,33,0,0
BRDA:407,33,1,0
BRDA:408,34,0,0
BRDA:408,34,1,0
BRDA:440,35,0,0
BRDA:440,35,1,0
BRDA:462,36,0,0
BRDA:462,36,1,0
BRDA:466,37,0,0
BRDA:466,37,1,0
BRDA:466,37,2,0
BRDA:467,38,0,0
BRDA:467,38,1,0
BRDA:467,38,2,0
BRDA:468,39,0,0
BRDA:468,39,1,0
BRDA:468,40,0,0
BRDA:468,40,1,0
BRDA:469,41,0,0
BRDA:469,41,1,0
BRDA:473,42,0,0
BRDA:473,42,1,0
BRDA:473,43,0,0
BRDA:473,43,1,0
BRDA:473,43,2,0
BRDA:473,43,3,0
BRDA:473,43,4,0
BRDA:483,44,0,0
BRDA:483,44,1,0
BRDA:501,45,0,0
BRDA:501,45,1,0
BRDA:505,46,0,0
BRDA:505,46,1,0
BRDA:512,47,0,0
BRDA:512,47,1,0
BRDA:513,48,0,0
BRDA:513,48,1,0
BRDA:547,49,0,0
BRDA:547,49,1,0
BRDA:548,50,0,0
BRDA:548,50,1,0
BRF:112
BRH:1
end_of_record
TN:
SF:routes\tests.js
FN:11,(anonymous_0)
FN:88,(anonymous_1)
FNF:2
FNH:0
FNDA:0,(anonymous_0)
FNDA:0,(anonymous_1)
DA:1,1
DA:2,1
DA:3,1
DA:4,1
DA:5,1
DA:6,1
DA:11,1
DA:13,0
DA:22,0
DA:26,0
DA:27,0
DA:34,0
DA:38,0
DA:40,0
DA:42,0
DA:46,0
DA:47,0
DA:51,0
DA:56,0
DA:62,0
DA:75,0
DA:79,0
DA:80,0
DA:88,1
DA:90,0
DA:94,0
DA:109,0
DA:111,0
DA:112,0
DA:118,1
LF:30
LH:9
BRDA:26,0,0,0
BRDA:26,0,1,0
BRDA:26,1,0,0
BRDA:26,1,1,0
BRDA:40,2,0,0
BRDA:40,2,1,0
BRDA:40,3,0,0
BRDA:40,3,1,0
BRDA:70,4,0,0
BRDA:70,4,1,0
BRDA:71,5,0,0
BRDA:71,5,1,0
BRF:12
BRH:0
end_of_record
TN:
SF:utils\mailer.js
FNF:0
FNH:0
DA:1,1
DA:5,1
DA:13,1
LF:3
LH:3
BRF:0
BRH:0
end_of_record
